2015-12-11 18:16:28,377 INFO [org.springframework.context.support.ClassPathXmlApplicationContext] - Refreshing org.springframework.context.support.ClassPathXmlApplicationContext@33776426: startup date [Fri Dec 11 18:16:28 CST 2015]; root of context hierarchy
2015-12-11 18:16:28,467 INFO [org.springframework.beans.factory.xml.XmlBeanDefinitionReader] - Loading XML bean definitions from class path resource [applicationContext.xml]
2015-12-11 18:16:29,083 INFO [org.springframework.context.support.PropertySourcesPlaceholderConfigurer] - Loading properties file from class path resource [database.properties]
2015-12-11 18:16:29,094 INFO [org.springframework.beans.factory.annotation.AutowiredAnnotationBeanPostProcessor] - JSR-330 'javax.inject.Inject' annotation found and supported for autowiring
2015-12-11 18:16:29,131 WARN [org.springframework.context.support.ClassPathXmlApplicationContext] - Exception encountered during context initialization - cancelling refresh attempt
org.springframework.beans.factory.BeanCreationException: Error creating bean with name 'newsDAOImpl' defined in file [E:\mework\SpringMyBatisProject\WebRoot\WEB-INF\classes\cn\mldn\dao\impl\NewsDAOImpl.class]: Instantiation of bean failed; nested exception is org.springframework.beans.BeanInstantiationException: Could not instantiate bean class [cn.mldn.dao.impl.NewsDAOImpl]: No default constructor found; nested exception is java.lang.NoSuchMethodException: cn.mldn.dao.impl.NewsDAOImpl.<init>()
	at org.springframework.beans.factory.support.AbstractAutowireCapableBeanFactory.instantiateBean(AbstractAutowireCapableBeanFactory.java:1095)
	at org.springframework.beans.factory.support.AbstractAutowireCapableBeanFactory.createBeanInstance(AbstractAutowireCapableBeanFactory.java:1040)
	at org.springframework.beans.factory.support.AbstractAutowireCapableBeanFactory.doCreateBean(AbstractAutowireCapableBeanFactory.java:505)
	at org.springframework.beans.factory.support.AbstractAutowireCapableBeanFactory.createBean(AbstractAutowireCapableBeanFactory.java:476)
	at org.springframework.beans.factory.support.AbstractBeanFactory$1.getObject(AbstractBeanFactory.java:302)
	at org.springframework.beans.factory.support.DefaultSingletonBeanRegistry.getSingleton(DefaultSingletonBeanRegistry.java:229)
	at org.springframework.beans.factory.support.AbstractBeanFactory.doGetBean(AbstractBeanFactory.java:298)
	at org.springframework.beans.factory.support.AbstractBeanFactory.getBean(AbstractBeanFactory.java:193)
	at org.springframework.beans.factory.support.DefaultListableBeanFactory.preInstantiateSingletons(DefaultListableBeanFactory.java:725)
	at org.springframework.context.support.AbstractApplicationContext.finishBeanFactoryInitialization(AbstractApplicationContext.java:757)
	at org.springframework.context.support.AbstractApplicationContext.refresh(AbstractApplicationContext.java:480)
	at org.springframework.context.support.ClassPathXmlApplicationContext.<init>(ClassPathXmlApplicationContext.java:139)
	at org.springframework.context.support.ClassPathXmlApplicationContext.<init>(ClassPathXmlApplicationContext.java:83)
	at cn.mldn.test.TestInsertDemo.main(TestInsertDemo.java:13)
Caused by: org.springframework.beans.BeanInstantiationException: Could not instantiate bean class [cn.mldn.dao.impl.NewsDAOImpl]: No default constructor found; nested exception is java.lang.NoSuchMethodException: cn.mldn.dao.impl.NewsDAOImpl.<init>()
	at org.springframework.beans.factory.support.SimpleInstantiationStrategy.instantiate(SimpleInstantiationStrategy.java:85)
	at org.springframework.beans.factory.support.AbstractAutowireCapableBeanFactory.instantiateBean(AbstractAutowireCapableBeanFactory.java:1088)
	... 13 more
Caused by: java.lang.NoSuchMethodException: cn.mldn.dao.impl.NewsDAOImpl.<init>()
	at java.lang.Class.getConstructor0(Class.java:2810)
	at java.lang.Class.getDeclaredConstructor(Class.java:2053)
	at org.springframework.beans.factory.support.SimpleInstantiationStrategy.instantiate(SimpleInstantiationStrategy.java:80)
	... 14 more
2015-12-11 18:17:30,367 INFO [org.springframework.context.support.ClassPathXmlApplicationContext] - Refreshing org.springframework.context.support.ClassPathXmlApplicationContext@6350152f: startup date [Fri Dec 11 18:17:30 CST 2015]; root of context hierarchy
2015-12-11 18:17:30,453 INFO [org.springframework.beans.factory.xml.XmlBeanDefinitionReader] - Loading XML bean definitions from class path resource [applicationContext.xml]
2015-12-11 18:17:30,946 INFO [org.springframework.context.support.PropertySourcesPlaceholderConfigurer] - Loading properties file from class path resource [database.properties]
2015-12-11 18:17:30,956 INFO [org.springframework.beans.factory.annotation.AutowiredAnnotationBeanPostProcessor] - JSR-330 'javax.inject.Inject' annotation found and supported for autowiring
2015-12-11 18:17:31,108 INFO [com.mchange.v2.log.MLog] - MLog clients using log4j logging.
2015-12-11 18:17:31,344 INFO [com.mchange.v2.c3p0.C3P0Registry] - Initializing c3p0-0.9.1.2 [built 21-May-2007 15:04:56; debug? true; trace: 10]
2015-12-11 18:17:31,710 INFO [com.mchange.v2.c3p0.impl.AbstractPoolBackedDataSource] - Initializing c3p0 pool... com.mchange.v2.c3p0.ComboPooledDataSource [ acquireIncrement -> 3, acquireRetryAttempts -> 30, acquireRetryDelay -> 1000, autoCommitOnClose -> false, automaticTestTable -> null, breakAfterAcquireFailure -> false, checkoutTimeout -> 0, connectionCustomizerClassName -> null, connectionTesterClassName -> com.mchange.v2.c3p0.impl.DefaultConnectionTester, dataSourceName -> 1hge15z9d143tpud1oyw0s5|1d26b9db, debugUnreturnedConnectionStackTraces -> false, description -> null, driverClass -> org.gjt.mm.mysql.Driver, factoryClassLocation -> null, forceIgnoreUnresolvedTransactions -> false, identityToken -> 1hge15z9d143tpud1oyw0s5|1d26b9db, idleConnectionTestPeriod -> 0, initialPoolSize -> 10, jdbcUrl -> jdbc:mysql://localhost:3306/springdb, maxAdministrativeTaskTime -> 0, maxConnectionAge -> 0, maxIdleTime -> 20, maxIdleTimeExcessConnections -> 0, maxPoolSize -> 1, maxStatements -> 0, maxStatementsPerConnection -> 0, minPoolSize -> 1, numHelperThreads -> 3, numThreadsAwaitingCheckoutDefaultUser -> 0, preferredTestQuery -> null, properties -> {user=******, password=******}, propertyCycle -> 0, testConnectionOnCheckin -> false, testConnectionOnCheckout -> false, unreturnedConnectionTimeout -> 0, usesTraditionalReflectiveProxies -> false ]
2015-12-11 18:17:31,993 DEBUG [cn.mldn.vo.mapping.NewsNS.doCreate] - ooo Using Connection [com.mchange.v2.c3p0.impl.NewProxyConnection@55ede357]
2015-12-11 18:17:32,002 DEBUG [cn.mldn.vo.mapping.NewsNS.doCreate] - ==>  Preparing: INSERT INTO news(title,pub_date,content) VALUES (?,?,?) 
2015-12-11 18:17:32,135 DEBUG [cn.mldn.vo.mapping.NewsNS.doCreate] - ==> Parameters: MyBatis很重要(String), 2015-12-11 18:17:31.933(Timestamp), 开发中都用它，你说重要不重要！(String)
2015-12-11 18:17:32,158 INFO [org.springframework.beans.factory.xml.XmlBeanDefinitionReader] - Loading XML bean definitions from class path resource [org/springframework/jdbc/support/sql-error-codes.xml]
2015-12-11 18:17:32,216 INFO [org.springframework.jdbc.support.SQLErrorCodesFactory] - SQLErrorCodes loaded: [DB2, Derby, H2, HSQL, Informix, MS-SQL, MySQL, Oracle, PostgreSQL, Sybase, Hana]
2015-12-11 18:18:21,074 INFO [org.springframework.context.support.ClassPathXmlApplicationContext] - Refreshing org.springframework.context.support.ClassPathXmlApplicationContext@cc11b55: startup date [Fri Dec 11 18:18:21 CST 2015]; root of context hierarchy
2015-12-11 18:18:21,159 INFO [org.springframework.beans.factory.xml.XmlBeanDefinitionReader] - Loading XML bean definitions from class path resource [applicationContext.xml]
2015-12-11 18:18:21,651 INFO [org.springframework.context.support.PropertySourcesPlaceholderConfigurer] - Loading properties file from class path resource [database.properties]
2015-12-11 18:18:21,662 INFO [org.springframework.beans.factory.annotation.AutowiredAnnotationBeanPostProcessor] - JSR-330 'javax.inject.Inject' annotation found and supported for autowiring
2015-12-11 18:18:21,792 INFO [com.mchange.v2.log.MLog] - MLog clients using log4j logging.
2015-12-11 18:18:21,945 INFO [com.mchange.v2.c3p0.C3P0Registry] - Initializing c3p0-0.9.1.2 [built 21-May-2007 15:04:56; debug? true; trace: 10]
2015-12-11 18:18:22,289 INFO [com.mchange.v2.c3p0.impl.AbstractPoolBackedDataSource] - Initializing c3p0 pool... com.mchange.v2.c3p0.ComboPooledDataSource [ acquireIncrement -> 3, acquireRetryAttempts -> 30, acquireRetryDelay -> 1000, autoCommitOnClose -> false, automaticTestTable -> null, breakAfterAcquireFailure -> false, checkoutTimeout -> 0, connectionCustomizerClassName -> null, connectionTesterClassName -> com.mchange.v2.c3p0.impl.DefaultConnectionTester, dataSourceName -> 1hge15z9d143usy9c58mv6|6130dd8e, debugUnreturnedConnectionStackTraces -> false, description -> null, driverClass -> org.gjt.mm.mysql.Driver, factoryClassLocation -> null, forceIgnoreUnresolvedTransactions -> false, identityToken -> 1hge15z9d143usy9c58mv6|6130dd8e, idleConnectionTestPeriod -> 0, initialPoolSize -> 10, jdbcUrl -> jdbc:mysql://localhost:3306/springdb, maxAdministrativeTaskTime -> 0, maxConnectionAge -> 0, maxIdleTime -> 20, maxIdleTimeExcessConnections -> 0, maxPoolSize -> 1, maxStatements -> 0, maxStatementsPerConnection -> 0, minPoolSize -> 1, numHelperThreads -> 3, numThreadsAwaitingCheckoutDefaultUser -> 0, preferredTestQuery -> null, properties -> {user=******, password=******}, propertyCycle -> 0, testConnectionOnCheckin -> false, testConnectionOnCheckout -> false, unreturnedConnectionTimeout -> 0, usesTraditionalReflectiveProxies -> false ]
2015-12-11 18:18:22,563 DEBUG [cn.mldn.vo.mapping.NewsNS.doCreate] - ooo Using Connection [com.mchange.v2.c3p0.impl.NewProxyConnection@6c7d50ba]
2015-12-11 18:18:22,571 DEBUG [cn.mldn.vo.mapping.NewsNS.doCreate] - ==>  Preparing: INSERT INTO news(title,pub_date,content) VALUES (?,?,?) 
2015-12-11 18:18:22,646 DEBUG [cn.mldn.vo.mapping.NewsNS.doCreate] - ==> Parameters: MyBatis很重要(String), 2015-12-11 18:18:22.501(Timestamp), 开发中都用它，你说重要不重要！(String)
2015-12-11 18:18:22,669 INFO [org.springframework.beans.factory.xml.XmlBeanDefinitionReader] - Loading XML bean definitions from class path resource [org/springframework/jdbc/support/sql-error-codes.xml]
2015-12-11 18:18:22,716 INFO [org.springframework.jdbc.support.SQLErrorCodesFactory] - SQLErrorCodes loaded: [DB2, Derby, H2, HSQL, Informix, MS-SQL, MySQL, Oracle, PostgreSQL, Sybase, Hana]
2015-12-11 18:18:44,016 INFO [org.springframework.context.support.ClassPathXmlApplicationContext] - Refreshing org.springframework.context.support.ClassPathXmlApplicationContext@6350152f: startup date [Fri Dec 11 18:18:44 CST 2015]; root of context hierarchy
2015-12-11 18:18:44,107 INFO [org.springframework.beans.factory.xml.XmlBeanDefinitionReader] - Loading XML bean definitions from class path resource [applicationContext.xml]
2015-12-11 18:18:44,598 INFO [org.springframework.context.support.PropertySourcesPlaceholderConfigurer] - Loading properties file from class path resource [database.properties]
2015-12-11 18:18:44,610 INFO [org.springframework.beans.factory.annotation.AutowiredAnnotationBeanPostProcessor] - JSR-330 'javax.inject.Inject' annotation found and supported for autowiring
2015-12-11 18:18:44,740 INFO [com.mchange.v2.log.MLog] - MLog clients using log4j logging.
2015-12-11 18:18:44,887 INFO [com.mchange.v2.c3p0.C3P0Registry] - Initializing c3p0-0.9.1.2 [built 21-May-2007 15:04:56; debug? true; trace: 10]
2015-12-11 18:18:45,237 INFO [com.mchange.v2.c3p0.impl.AbstractPoolBackedDataSource] - Initializing c3p0 pool... com.mchange.v2.c3p0.ComboPooledDataSource [ acquireIncrement -> 3, acquireRetryAttempts -> 30, acquireRetryDelay -> 1000, autoCommitOnClose -> false, automaticTestTable -> null, breakAfterAcquireFailure -> false, checkoutTimeout -> 0, connectionCustomizerClassName -> null, connectionTesterClassName -> com.mchange.v2.c3p0.impl.DefaultConnectionTester, dataSourceName -> 1hge15z9d143vann6tujxv|32af84d3, debugUnreturnedConnectionStackTraces -> false, description -> null, driverClass -> org.gjt.mm.mysql.Driver, factoryClassLocation -> null, forceIgnoreUnresolvedTransactions -> false, identityToken -> 1hge15z9d143vann6tujxv|32af84d3, idleConnectionTestPeriod -> 0, initialPoolSize -> 10, jdbcUrl -> jdbc:mysql://localhost:3306/mldn, maxAdministrativeTaskTime -> 0, maxConnectionAge -> 0, maxIdleTime -> 20, maxIdleTimeExcessConnections -> 0, maxPoolSize -> 1, maxStatements -> 0, maxStatementsPerConnection -> 0, minPoolSize -> 1, numHelperThreads -> 3, numThreadsAwaitingCheckoutDefaultUser -> 0, preferredTestQuery -> null, properties -> {user=******, password=******}, propertyCycle -> 0, testConnectionOnCheckin -> false, testConnectionOnCheckout -> false, unreturnedConnectionTimeout -> 0, usesTraditionalReflectiveProxies -> false ]
2015-12-11 18:18:45,522 DEBUG [cn.mldn.vo.mapping.NewsNS.doCreate] - ooo Using Connection [com.mchange.v2.c3p0.impl.NewProxyConnection@13fdeb0]
2015-12-11 18:18:45,531 DEBUG [cn.mldn.vo.mapping.NewsNS.doCreate] - ==>  Preparing: INSERT INTO news(title,pub_date,content) VALUES (?,?,?) 
2015-12-11 18:18:45,583 DEBUG [cn.mldn.vo.mapping.NewsNS.doCreate] - ==> Parameters: MyBatis很重要(String), 2015-12-11 18:18:45.464(Timestamp), 开发中都用它，你说重要不重要！(String)
2015-12-11 18:18:45,609 DEBUG [cn.mldn.vo.mapping.NewsNS.doCreate] - <==    Updates: 1
2015-12-11 18:19:09,774 INFO [org.springframework.context.support.ClassPathXmlApplicationContext] - Refreshing org.springframework.context.support.ClassPathXmlApplicationContext@6350152f: startup date [Fri Dec 11 18:19:09 CST 2015]; root of context hierarchy
2015-12-11 18:19:09,975 INFO [org.springframework.beans.factory.xml.XmlBeanDefinitionReader] - Loading XML bean definitions from class path resource [applicationContext.xml]
2015-12-11 18:19:10,529 INFO [org.springframework.context.support.ClassPathXmlApplicationContext] - Refreshing org.springframework.context.support.ClassPathXmlApplicationContext@7633910a: startup date [Fri Dec 11 18:19:10 CST 2015]; root of context hierarchy
2015-12-11 18:19:10,624 INFO [org.springframework.beans.factory.xml.XmlBeanDefinitionReader] - Loading XML bean definitions from class path resource [applicationContext.xml]
2015-12-11 18:19:10,715 INFO [org.springframework.context.support.ClassPathXmlApplicationContext] - Refreshing org.springframework.context.support.ClassPathXmlApplicationContext@6350152f: startup date [Fri Dec 11 18:19:10 CST 2015]; root of context hierarchy
2015-12-11 18:19:10,819 INFO [org.springframework.beans.factory.xml.XmlBeanDefinitionReader] - Loading XML bean definitions from class path resource [applicationContext.xml]
2015-12-11 18:19:10,955 INFO [org.springframework.context.support.ClassPathXmlApplicationContext] - Refreshing org.springframework.context.support.ClassPathXmlApplicationContext@20986975: startup date [Fri Dec 11 18:19:10 CST 2015]; root of context hierarchy
2015-12-11 18:19:11,027 INFO [org.springframework.context.support.PropertySourcesPlaceholderConfigurer] - Loading properties file from class path resource [database.properties]
2015-12-11 18:19:11,040 INFO [org.springframework.beans.factory.annotation.AutowiredAnnotationBeanPostProcessor] - JSR-330 'javax.inject.Inject' annotation found and supported for autowiring
2015-12-11 18:19:11,310 INFO [org.springframework.beans.factory.xml.XmlBeanDefinitionReader] - Loading XML bean definitions from class path resource [applicationContext.xml]
2015-12-11 18:19:11,331 INFO [com.mchange.v2.log.MLog] - MLog clients using log4j logging.
2015-12-11 18:19:11,771 INFO [org.springframework.context.support.PropertySourcesPlaceholderConfigurer] - Loading properties file from class path resource [database.properties]
2015-12-11 18:19:11,783 INFO [org.springframework.beans.factory.annotation.AutowiredAnnotationBeanPostProcessor] - JSR-330 'javax.inject.Inject' annotation found and supported for autowiring
2015-12-11 18:19:11,848 INFO [com.mchange.v2.c3p0.C3P0Registry] - Initializing c3p0-0.9.1.2 [built 21-May-2007 15:04:56; debug? true; trace: 10]
2015-12-11 18:19:12,127 INFO [com.mchange.v2.log.MLog] - MLog clients using log4j logging.
2015-12-11 18:19:12,171 INFO [org.springframework.context.support.PropertySourcesPlaceholderConfigurer] - Loading properties file from class path resource [database.properties]
2015-12-11 18:19:12,184 INFO [org.springframework.beans.factory.annotation.AutowiredAnnotationBeanPostProcessor] - JSR-330 'javax.inject.Inject' annotation found and supported for autowiring
2015-12-11 18:19:12,449 INFO [com.mchange.v2.log.MLog] - MLog clients using log4j logging.
2015-12-11 18:19:12,720 INFO [com.mchange.v2.c3p0.impl.AbstractPoolBackedDataSource] - Initializing c3p0 pool... com.mchange.v2.c3p0.ComboPooledDataSource [ acquireIncrement -> 3, acquireRetryAttempts -> 30, acquireRetryDelay -> 1000, autoCommitOnClose -> false, automaticTestTable -> null, breakAfterAcquireFailure -> false, checkoutTimeout -> 0, connectionCustomizerClassName -> null, connectionTesterClassName -> com.mchange.v2.c3p0.impl.DefaultConnectionTester, dataSourceName -> 1hge15z9d143vvdt1y8e1dx|11908def, debugUnreturnedConnectionStackTraces -> false, description -> null, driverClass -> org.gjt.mm.mysql.Driver, factoryClassLocation -> null, forceIgnoreUnresolvedTransactions -> false, identityToken -> 1hge15z9d143vvdt1y8e1dx|11908def, idleConnectionTestPeriod -> 0, initialPoolSize -> 10, jdbcUrl -> jdbc:mysql://localhost:3306/mldn, maxAdministrativeTaskTime -> 0, maxConnectionAge -> 0, maxIdleTime -> 20, maxIdleTimeExcessConnections -> 0, maxPoolSize -> 1, maxStatements -> 0, maxStatementsPerConnection -> 0, minPoolSize -> 1, numHelperThreads -> 3, numThreadsAwaitingCheckoutDefaultUser -> 0, preferredTestQuery -> null, properties -> {user=******, password=******}, propertyCycle -> 0, testConnectionOnCheckin -> false, testConnectionOnCheckout -> false, unreturnedConnectionTimeout -> 0, usesTraditionalReflectiveProxies -> false ]
2015-12-11 18:19:12,779 INFO [com.mchange.v2.c3p0.C3P0Registry] - Initializing c3p0-0.9.1.2 [built 21-May-2007 15:04:56; debug? true; trace: 10]
2015-12-11 18:19:12,823 INFO [com.mchange.v2.c3p0.C3P0Registry] - Initializing c3p0-0.9.1.2 [built 21-May-2007 15:04:56; debug? true; trace: 10]
2015-12-11 18:19:12,864 INFO [org.springframework.context.support.PropertySourcesPlaceholderConfigurer] - Loading properties file from class path resource [database.properties]
2015-12-11 18:19:12,901 INFO [org.springframework.beans.factory.annotation.AutowiredAnnotationBeanPostProcessor] - JSR-330 'javax.inject.Inject' annotation found and supported for autowiring
2015-12-11 18:19:13,264 INFO [com.mchange.v2.log.MLog] - MLog clients using log4j logging.
2015-12-11 18:19:13,270 DEBUG [cn.mldn.vo.mapping.NewsNS.doCreate] - ooo Using Connection [com.mchange.v2.c3p0.impl.NewProxyConnection@39547843]
2015-12-11 18:19:13,278 DEBUG [cn.mldn.vo.mapping.NewsNS.doCreate] - ==>  Preparing: INSERT INTO news(title,pub_date,content) VALUES (?,?,?) 
2015-12-11 18:19:13,336 DEBUG [cn.mldn.vo.mapping.NewsNS.doCreate] - ==> Parameters: MyBatis很重要(String), 2015-12-11 18:19:13.195(Timestamp), 开发中都用它，你说重要不重要！(String)
2015-12-11 18:19:13,362 DEBUG [cn.mldn.vo.mapping.NewsNS.doCreate] - <==    Updates: 1
2015-12-11 18:19:13,445 INFO [com.mchange.v2.c3p0.impl.AbstractPoolBackedDataSource] - Initializing c3p0 pool... com.mchange.v2.c3p0.ComboPooledDataSource [ acquireIncrement -> 3, acquireRetryAttempts -> 30, acquireRetryDelay -> 1000, autoCommitOnClose -> false, automaticTestTable -> null, breakAfterAcquireFailure -> false, checkoutTimeout -> 0, connectionCustomizerClassName -> null, connectionTesterClassName -> com.mchange.v2.c3p0.impl.DefaultConnectionTester, dataSourceName -> 1hge15z9d143vw4t1sarki5|298925ae, debugUnreturnedConnectionStackTraces -> false, description -> null, driverClass -> org.gjt.mm.mysql.Driver, factoryClassLocation -> null, forceIgnoreUnresolvedTransactions -> false, identityToken -> 1hge15z9d143vw4t1sarki5|298925ae, idleConnectionTestPeriod -> 0, initialPoolSize -> 10, jdbcUrl -> jdbc:mysql://localhost:3306/mldn, maxAdministrativeTaskTime -> 0, maxConnectionAge -> 0, maxIdleTime -> 20, maxIdleTimeExcessConnections -> 0, maxPoolSize -> 1, maxStatements -> 0, maxStatementsPerConnection -> 0, minPoolSize -> 1, numHelperThreads -> 3, numThreadsAwaitingCheckoutDefaultUser -> 0, preferredTestQuery -> null, properties -> {user=******, password=******}, propertyCycle -> 0, testConnectionOnCheckin -> false, testConnectionOnCheckout -> false, unreturnedConnectionTimeout -> 0, usesTraditionalReflectiveProxies -> false ]
2015-12-11 18:19:13,572 INFO [com.mchange.v2.c3p0.impl.AbstractPoolBackedDataSource] - Initializing c3p0 pool... com.mchange.v2.c3p0.ComboPooledDataSource [ acquireIncrement -> 3, acquireRetryAttempts -> 30, acquireRetryDelay -> 1000, autoCommitOnClose -> false, automaticTestTable -> null, breakAfterAcquireFailure -> false, checkoutTimeout -> 0, connectionCustomizerClassName -> null, connectionTesterClassName -> com.mchange.v2.c3p0.impl.DefaultConnectionTester, dataSourceName -> 1hge15z9d143vw543jj2h3|11908def, debugUnreturnedConnectionStackTraces -> false, description -> null, driverClass -> org.gjt.mm.mysql.Driver, factoryClassLocation -> null, forceIgnoreUnresolvedTransactions -> false, identityToken -> 1hge15z9d143vw543jj2h3|11908def, idleConnectionTestPeriod -> 0, initialPoolSize -> 10, jdbcUrl -> jdbc:mysql://localhost:3306/mldn, maxAdministrativeTaskTime -> 0, maxConnectionAge -> 0, maxIdleTime -> 20, maxIdleTimeExcessConnections -> 0, maxPoolSize -> 1, maxStatements -> 0, maxStatementsPerConnection -> 0, minPoolSize -> 1, numHelperThreads -> 3, numThreadsAwaitingCheckoutDefaultUser -> 0, preferredTestQuery -> null, properties -> {user=******, password=******}, propertyCycle -> 0, testConnectionOnCheckin -> false, testConnectionOnCheckout -> false, unreturnedConnectionTimeout -> 0, usesTraditionalReflectiveProxies -> false ]
2015-12-11 18:19:13,588 INFO [com.mchange.v2.c3p0.C3P0Registry] - Initializing c3p0-0.9.1.2 [built 21-May-2007 15:04:56; debug? true; trace: 10]
2015-12-11 18:19:13,783 DEBUG [cn.mldn.vo.mapping.NewsNS.doCreate] - ooo Using Connection [com.mchange.v2.c3p0.impl.NewProxyConnection@188a433d]
2015-12-11 18:19:13,795 DEBUG [cn.mldn.vo.mapping.NewsNS.doCreate] - ==>  Preparing: INSERT INTO news(title,pub_date,content) VALUES (?,?,?) 
2015-12-11 18:19:13,850 DEBUG [cn.mldn.vo.mapping.NewsNS.doCreate] - ==> Parameters: MyBatis很重要(String), 2015-12-11 18:19:13.711(Timestamp), 开发中都用它，你说重要不重要！(String)
2015-12-11 18:19:13,874 DEBUG [cn.mldn.vo.mapping.NewsNS.doCreate] - <==    Updates: 1
2015-12-11 18:19:14,014 DEBUG [cn.mldn.vo.mapping.NewsNS.doCreate] - ooo Using Connection [com.mchange.v2.c3p0.impl.NewProxyConnection@67e4670d]
2015-12-11 18:19:14,034 DEBUG [cn.mldn.vo.mapping.NewsNS.doCreate] - ==>  Preparing: INSERT INTO news(title,pub_date,content) VALUES (?,?,?) 
2015-12-11 18:19:14,096 DEBUG [cn.mldn.vo.mapping.NewsNS.doCreate] - ==> Parameters: MyBatis很重要(String), 2015-12-11 18:19:13.924(Timestamp), 开发中都用它，你说重要不重要！(String)
2015-12-11 18:19:14,119 DEBUG [cn.mldn.vo.mapping.NewsNS.doCreate] - <==    Updates: 1
2015-12-11 18:19:14,215 INFO [com.mchange.v2.c3p0.impl.AbstractPoolBackedDataSource] - Initializing c3p0 pool... com.mchange.v2.c3p0.ComboPooledDataSource [ acquireIncrement -> 3, acquireRetryAttempts -> 30, acquireRetryDelay -> 1000, autoCommitOnClose -> false, automaticTestTable -> null, breakAfterAcquireFailure -> false, checkoutTimeout -> 0, connectionCustomizerClassName -> null, connectionTesterClassName -> com.mchange.v2.c3p0.impl.DefaultConnectionTester, dataSourceName -> 1hge15z9d143vwry47txve|11908def, debugUnreturnedConnectionStackTraces -> false, description -> null, driverClass -> org.gjt.mm.mysql.Driver, factoryClassLocation -> null, forceIgnoreUnresolvedTransactions -> false, identityToken -> 1hge15z9d143vwry47txve|11908def, idleConnectionTestPeriod -> 0, initialPoolSize -> 10, jdbcUrl -> jdbc:mysql://localhost:3306/mldn, maxAdministrativeTaskTime -> 0, maxConnectionAge -> 0, maxIdleTime -> 20, maxIdleTimeExcessConnections -> 0, maxPoolSize -> 1, maxStatements -> 0, maxStatementsPerConnection -> 0, minPoolSize -> 1, numHelperThreads -> 3, numThreadsAwaitingCheckoutDefaultUser -> 0, preferredTestQuery -> null, properties -> {user=******, password=******}, propertyCycle -> 0, testConnectionOnCheckin -> false, testConnectionOnCheckout -> false, unreturnedConnectionTimeout -> 0, usesTraditionalReflectiveProxies -> false ]
2015-12-11 18:19:14,540 DEBUG [cn.mldn.vo.mapping.NewsNS.doCreate] - ooo Using Connection [com.mchange.v2.c3p0.impl.NewProxyConnection@2bc41350]
2015-12-11 18:19:14,550 DEBUG [cn.mldn.vo.mapping.NewsNS.doCreate] - ==>  Preparing: INSERT INTO news(title,pub_date,content) VALUES (?,?,?) 
2015-12-11 18:19:14,605 DEBUG [cn.mldn.vo.mapping.NewsNS.doCreate] - ==> Parameters: MyBatis很重要(String), 2015-12-11 18:19:14.473(Timestamp), 开发中都用它，你说重要不重要！(String)
2015-12-11 18:19:14,623 DEBUG [cn.mldn.vo.mapping.NewsNS.doCreate] - <==    Updates: 1
2015-12-11 18:19:16,619 INFO [org.springframework.context.support.ClassPathXmlApplicationContext] - Refreshing org.springframework.context.support.ClassPathXmlApplicationContext@7633910a: startup date [Fri Dec 11 18:19:16 CST 2015]; root of context hierarchy
2015-12-11 18:19:16,734 INFO [org.springframework.context.support.ClassPathXmlApplicationContext] - Refreshing org.springframework.context.support.ClassPathXmlApplicationContext@6350152f: startup date [Fri Dec 11 18:19:16 CST 2015]; root of context hierarchy
2015-12-11 18:19:16,760 INFO [org.springframework.beans.factory.xml.XmlBeanDefinitionReader] - Loading XML bean definitions from class path resource [applicationContext.xml]
2015-12-11 18:19:16,806 INFO [org.springframework.context.support.ClassPathXmlApplicationContext] - Refreshing org.springframework.context.support.ClassPathXmlApplicationContext@7633910a: startup date [Fri Dec 11 18:19:16 CST 2015]; root of context hierarchy
2015-12-11 18:19:16,927 INFO [org.springframework.beans.factory.xml.XmlBeanDefinitionReader] - Loading XML bean definitions from class path resource [applicationContext.xml]
2015-12-11 18:19:16,959 INFO [org.springframework.context.support.ClassPathXmlApplicationContext] - Refreshing org.springframework.context.support.ClassPathXmlApplicationContext@20986975: startup date [Fri Dec 11 18:19:16 CST 2015]; root of context hierarchy
2015-12-11 18:19:17,146 INFO [org.springframework.context.support.ClassPathXmlApplicationContext] - Refreshing org.springframework.context.support.ClassPathXmlApplicationContext@7633910a: startup date [Fri Dec 11 18:19:17 CST 2015]; root of context hierarchy
2015-12-11 18:19:17,407 INFO [org.springframework.beans.factory.xml.XmlBeanDefinitionReader] - Loading XML bean definitions from class path resource [applicationContext.xml]
2015-12-11 18:19:17,668 INFO [org.springframework.context.support.ClassPathXmlApplicationContext] - Refreshing org.springframework.context.support.ClassPathXmlApplicationContext@7633910a: startup date [Fri Dec 11 18:19:17 CST 2015]; root of context hierarchy
2015-12-11 18:19:17,678 INFO [org.springframework.beans.factory.xml.XmlBeanDefinitionReader] - Loading XML bean definitions from class path resource [applicationContext.xml]
2015-12-11 18:19:17,719 INFO [org.springframework.beans.factory.xml.XmlBeanDefinitionReader] - Loading XML bean definitions from class path resource [applicationContext.xml]
2015-12-11 18:19:18,063 INFO [org.springframework.context.support.ClassPathXmlApplicationContext] - Refreshing org.springframework.context.support.ClassPathXmlApplicationContext@20986975: startup date [Fri Dec 11 18:19:18 CST 2015]; root of context hierarchy
2015-12-11 18:19:18,085 INFO [org.springframework.beans.factory.xml.XmlBeanDefinitionReader] - Loading XML bean definitions from class path resource [applicationContext.xml]
2015-12-11 18:19:18,901 INFO [org.springframework.context.support.ClassPathXmlApplicationContext] - Refreshing org.springframework.context.support.ClassPathXmlApplicationContext@20986975: startup date [Fri Dec 11 18:19:18 CST 2015]; root of context hierarchy
2015-12-11 18:19:18,983 INFO [org.springframework.beans.factory.xml.XmlBeanDefinitionReader] - Loading XML bean definitions from class path resource [applicationContext.xml]
2015-12-11 18:19:19,037 INFO [org.springframework.context.support.ClassPathXmlApplicationContext] - Refreshing org.springframework.context.support.ClassPathXmlApplicationContext@6350152f: startup date [Fri Dec 11 18:19:19 CST 2015]; root of context hierarchy
2015-12-11 18:19:19,189 INFO [org.springframework.beans.factory.xml.XmlBeanDefinitionReader] - Loading XML bean definitions from class path resource [applicationContext.xml]
2015-12-11 18:19:19,344 INFO [org.springframework.context.support.PropertySourcesPlaceholderConfigurer] - Loading properties file from class path resource [database.properties]
2015-12-11 18:19:19,354 INFO [org.springframework.beans.factory.annotation.AutowiredAnnotationBeanPostProcessor] - JSR-330 'javax.inject.Inject' annotation found and supported for autowiring
2015-12-11 18:19:19,665 INFO [org.springframework.context.support.PropertySourcesPlaceholderConfigurer] - Loading properties file from class path resource [database.properties]
2015-12-11 18:19:19,863 INFO [org.springframework.beans.factory.annotation.AutowiredAnnotationBeanPostProcessor] - JSR-330 'javax.inject.Inject' annotation found and supported for autowiring
2015-12-11 18:19:20,081 INFO [org.springframework.beans.factory.xml.XmlBeanDefinitionReader] - Loading XML bean definitions from class path resource [applicationContext.xml]
2015-12-11 18:19:20,622 INFO [com.mchange.v2.log.MLog] - MLog clients using log4j logging.
2015-12-11 18:19:20,858 INFO [org.springframework.context.support.PropertySourcesPlaceholderConfigurer] - Loading properties file from class path resource [database.properties]
2015-12-11 18:19:20,901 INFO [com.mchange.v2.log.MLog] - MLog clients using log4j logging.
2015-12-11 18:19:20,945 INFO [org.springframework.beans.factory.annotation.AutowiredAnnotationBeanPostProcessor] - JSR-330 'javax.inject.Inject' annotation found and supported for autowiring
2015-12-11 18:19:21,176 INFO [org.springframework.context.support.PropertySourcesPlaceholderConfigurer] - Loading properties file from class path resource [database.properties]
2015-12-11 18:19:21,196 INFO [org.springframework.context.support.ClassPathXmlApplicationContext] - Refreshing org.springframework.context.support.ClassPathXmlApplicationContext@33776426: startup date [Fri Dec 11 18:19:21 CST 2015]; root of context hierarchy
2015-12-11 18:19:21,237 INFO [org.springframework.context.support.ClassPathXmlApplicationContext] - Refreshing org.springframework.context.support.ClassPathXmlApplicationContext@6350152f: startup date [Fri Dec 11 18:19:21 CST 2015]; root of context hierarchy
2015-12-11 18:19:21,295 INFO [org.springframework.beans.factory.annotation.AutowiredAnnotationBeanPostProcessor] - JSR-330 'javax.inject.Inject' annotation found and supported for autowiring
2015-12-11 18:19:21,446 INFO [org.springframework.context.support.PropertySourcesPlaceholderConfigurer] - Loading properties file from class path resource [database.properties]
2015-12-11 18:19:21,450 INFO [org.springframework.beans.factory.xml.XmlBeanDefinitionReader] - Loading XML bean definitions from class path resource [applicationContext.xml]
2015-12-11 18:19:21,492 INFO [org.springframework.beans.factory.xml.XmlBeanDefinitionReader] - Loading XML bean definitions from class path resource [applicationContext.xml]
2015-12-11 18:19:21,571 INFO [org.springframework.context.support.ClassPathXmlApplicationContext] - Refreshing org.springframework.context.support.ClassPathXmlApplicationContext@33776426: startup date [Fri Dec 11 18:19:21 CST 2015]; root of context hierarchy
2015-12-11 18:19:21,583 INFO [org.springframework.context.support.ClassPathXmlApplicationContext] - Refreshing org.springframework.context.support.ClassPathXmlApplicationContext@33776426: startup date [Fri Dec 11 18:19:21 CST 2015]; root of context hierarchy
2015-12-11 18:19:21,658 INFO [org.springframework.context.support.ClassPathXmlApplicationContext] - Refreshing org.springframework.context.support.ClassPathXmlApplicationContext@33776426: startup date [Fri Dec 11 18:19:21 CST 2015]; root of context hierarchy
2015-12-11 18:19:21,759 INFO [org.springframework.beans.factory.annotation.AutowiredAnnotationBeanPostProcessor] - JSR-330 'javax.inject.Inject' annotation found and supported for autowiring
2015-12-11 18:19:21,934 INFO [com.mchange.v2.log.MLog] - MLog clients using log4j logging.
2015-12-11 18:19:21,974 INFO [com.mchange.v2.log.MLog] - MLog clients using log4j logging.
2015-12-11 18:19:22,020 INFO [com.mchange.v2.c3p0.C3P0Registry] - Initializing c3p0-0.9.1.2 [built 21-May-2007 15:04:56; debug? true; trace: 10]
2015-12-11 18:19:22,296 INFO [org.springframework.context.support.PropertySourcesPlaceholderConfigurer] - Loading properties file from class path resource [database.properties]
2015-12-11 18:19:22,337 INFO [org.springframework.beans.factory.xml.XmlBeanDefinitionReader] - Loading XML bean definitions from class path resource [applicationContext.xml]
2015-12-11 18:19:22,347 INFO [org.springframework.context.support.ClassPathXmlApplicationContext] - Refreshing org.springframework.context.support.ClassPathXmlApplicationContext@6350152f: startup date [Fri Dec 11 18:19:22 CST 2015]; root of context hierarchy
2015-12-11 18:19:22,490 INFO [org.springframework.beans.factory.xml.XmlBeanDefinitionReader] - Loading XML bean definitions from class path resource [applicationContext.xml]
2015-12-11 18:19:22,517 INFO [org.springframework.beans.factory.xml.XmlBeanDefinitionReader] - Loading XML bean definitions from class path resource [applicationContext.xml]
2015-12-11 18:19:22,520 INFO [org.springframework.context.support.ClassPathXmlApplicationContext] - Refreshing org.springframework.context.support.ClassPathXmlApplicationContext@33776426: startup date [Fri Dec 11 18:19:22 CST 2015]; root of context hierarchy
2015-12-11 18:19:22,532 INFO [org.springframework.beans.factory.annotation.AutowiredAnnotationBeanPostProcessor] - JSR-330 'javax.inject.Inject' annotation found and supported for autowiring
2015-12-11 18:19:22,588 INFO [com.mchange.v2.c3p0.C3P0Registry] - Initializing c3p0-0.9.1.2 [built 21-May-2007 15:04:56; debug? true; trace: 10]
2015-12-11 18:19:22,605 INFO [org.springframework.context.support.PropertySourcesPlaceholderConfigurer] - Loading properties file from class path resource [database.properties]
2015-12-11 18:19:22,651 INFO [org.springframework.context.support.ClassPathXmlApplicationContext] - Refreshing org.springframework.context.support.ClassPathXmlApplicationContext@33776426: startup date [Fri Dec 11 18:19:22 CST 2015]; root of context hierarchy
2015-12-11 18:19:22,796 INFO [org.springframework.context.support.ClassPathXmlApplicationContext] - Refreshing org.springframework.context.support.ClassPathXmlApplicationContext@6350152f: startup date [Fri Dec 11 18:19:22 CST 2015]; root of context hierarchy
2015-12-11 18:19:22,879 INFO [org.springframework.beans.factory.annotation.AutowiredAnnotationBeanPostProcessor] - JSR-330 'javax.inject.Inject' annotation found and supported for autowiring
2015-12-11 18:19:23,335 INFO [com.mchange.v2.c3p0.C3P0Registry] - Initializing c3p0-0.9.1.2 [built 21-May-2007 15:04:56; debug? true; trace: 10]
2015-12-11 18:19:23,383 INFO [org.springframework.beans.factory.xml.XmlBeanDefinitionReader] - Loading XML bean definitions from class path resource [applicationContext.xml]
2015-12-11 18:19:23,510 INFO [com.mchange.v2.c3p0.C3P0Registry] - Initializing c3p0-0.9.1.2 [built 21-May-2007 15:04:56; debug? true; trace: 10]
2015-12-11 18:19:23,556 INFO [com.mchange.v2.log.MLog] - MLog clients using log4j logging.
2015-12-11 18:19:23,634 INFO [org.springframework.beans.factory.xml.XmlBeanDefinitionReader] - Loading XML bean definitions from class path resource [applicationContext.xml]
2015-12-11 18:19:23,697 INFO [org.springframework.context.support.PropertySourcesPlaceholderConfigurer] - Loading properties file from class path resource [database.properties]
2015-12-11 18:19:23,751 INFO [org.springframework.context.support.PropertySourcesPlaceholderConfigurer] - Loading properties file from class path resource [database.properties]
2015-12-11 18:19:23,763 INFO [org.springframework.beans.factory.annotation.AutowiredAnnotationBeanPostProcessor] - JSR-330 'javax.inject.Inject' annotation found and supported for autowiring
2015-12-11 18:19:23,979 INFO [org.springframework.beans.factory.annotation.AutowiredAnnotationBeanPostProcessor] - JSR-330 'javax.inject.Inject' annotation found and supported for autowiring
2015-12-11 18:19:23,741 INFO [org.springframework.beans.factory.xml.XmlBeanDefinitionReader] - Loading XML bean definitions from class path resource [applicationContext.xml]
2015-12-11 18:19:24,163 INFO [org.springframework.beans.factory.xml.XmlBeanDefinitionReader] - Loading XML bean definitions from class path resource [applicationContext.xml]
2015-12-11 18:19:24,204 INFO [com.mchange.v2.log.MLog] - MLog clients using log4j logging.
2015-12-11 18:19:24,862 INFO [com.mchange.v2.log.MLog] - MLog clients using log4j logging.
2015-12-11 18:19:25,095 INFO [com.mchange.v2.c3p0.C3P0Registry] - Initializing c3p0-0.9.1.2 [built 21-May-2007 15:04:56; debug? true; trace: 10]
2015-12-11 18:19:25,310 INFO [org.springframework.context.support.PropertySourcesPlaceholderConfigurer] - Loading properties file from class path resource [database.properties]
2015-12-11 18:19:25,340 INFO [org.springframework.beans.factory.annotation.AutowiredAnnotationBeanPostProcessor] - JSR-330 'javax.inject.Inject' annotation found and supported for autowiring
2015-12-11 18:19:25,416 INFO [com.mchange.v2.c3p0.impl.AbstractPoolBackedDataSource] - Initializing c3p0 pool... com.mchange.v2.c3p0.ComboPooledDataSource [ acquireIncrement -> 3, acquireRetryAttempts -> 30, acquireRetryDelay -> 1000, autoCommitOnClose -> false, automaticTestTable -> null, breakAfterAcquireFailure -> false, checkoutTimeout -> 0, connectionCustomizerClassName -> null, connectionTesterClassName -> com.mchange.v2.c3p0.impl.DefaultConnectionTester, dataSourceName -> 1hge15z9d143w32q1o7eia8|61573b80, debugUnreturnedConnectionStackTraces -> false, description -> null, driverClass -> org.gjt.mm.mysql.Driver, factoryClassLocation -> null, forceIgnoreUnresolvedTransactions -> false, identityToken -> 1hge15z9d143w32q1o7eia8|61573b80, idleConnectionTestPeriod -> 0, initialPoolSize -> 10, jdbcUrl -> jdbc:mysql://localhost:3306/mldn, maxAdministrativeTaskTime -> 0, maxConnectionAge -> 0, maxIdleTime -> 20, maxIdleTimeExcessConnections -> 0, maxPoolSize -> 1, maxStatements -> 0, maxStatementsPerConnection -> 0, minPoolSize -> 1, numHelperThreads -> 3, numThreadsAwaitingCheckoutDefaultUser -> 0, preferredTestQuery -> null, properties -> {user=******, password=******}, propertyCycle -> 0, testConnectionOnCheckin -> false, testConnectionOnCheckout -> false, unreturnedConnectionTimeout -> 0, usesTraditionalReflectiveProxies -> false ]
2015-12-11 18:19:25,588 INFO [com.mchange.v2.c3p0.C3P0Registry] - Initializing c3p0-0.9.1.2 [built 21-May-2007 15:04:56; debug? true; trace: 10]
2015-12-11 18:19:25,756 INFO [com.mchange.v2.log.MLog] - MLog clients using log4j logging.
2015-12-11 18:19:25,770 INFO [com.mchange.v2.log.MLog] - MLog clients using log4j logging.
2015-12-11 18:19:25,895 INFO [org.springframework.context.support.PropertySourcesPlaceholderConfigurer] - Loading properties file from class path resource [database.properties]
2015-12-11 18:19:26,135 INFO [com.mchange.v2.log.MLog] - MLog clients using log4j logging.
2015-12-11 18:19:26,185 INFO [org.springframework.beans.factory.annotation.AutowiredAnnotationBeanPostProcessor] - JSR-330 'javax.inject.Inject' annotation found and supported for autowiring
2015-12-11 18:19:26,201 INFO [com.mchange.v2.c3p0.C3P0Registry] - Initializing c3p0-0.9.1.2 [built 21-May-2007 15:04:56; debug? true; trace: 10]
2015-12-11 18:19:26,665 INFO [org.springframework.context.support.PropertySourcesPlaceholderConfigurer] - Loading properties file from class path resource [database.properties]
2015-12-11 18:19:26,670 INFO [org.springframework.context.support.PropertySourcesPlaceholderConfigurer] - Loading properties file from class path resource [database.properties]
2015-12-11 18:19:26,676 INFO [org.springframework.beans.factory.annotation.AutowiredAnnotationBeanPostProcessor] - JSR-330 'javax.inject.Inject' annotation found and supported for autowiring
2015-12-11 18:19:26,693 INFO [org.springframework.context.support.PropertySourcesPlaceholderConfigurer] - Loading properties file from class path resource [database.properties]
2015-12-11 18:19:26,703 INFO [org.springframework.beans.factory.annotation.AutowiredAnnotationBeanPostProcessor] - JSR-330 'javax.inject.Inject' annotation found and supported for autowiring
2015-12-11 18:19:26,685 INFO [com.mchange.v2.c3p0.impl.AbstractPoolBackedDataSource] - Initializing c3p0 pool... com.mchange.v2.c3p0.ComboPooledDataSource [ acquireIncrement -> 3, acquireRetryAttempts -> 30, acquireRetryDelay -> 1000, autoCommitOnClose -> false, automaticTestTable -> null, breakAfterAcquireFailure -> false, checkoutTimeout -> 0, connectionCustomizerClassName -> null, connectionTesterClassName -> com.mchange.v2.c3p0.impl.DefaultConnectionTester, dataSourceName -> 1hge15z9d143w40fvh1ss5|29564eeb, debugUnreturnedConnectionStackTraces -> false, description -> null, driverClass -> org.gjt.mm.mysql.Driver, factoryClassLocation -> null, forceIgnoreUnresolvedTransactions -> false, identityToken -> 1hge15z9d143w40fvh1ss5|29564eeb, idleConnectionTestPeriod -> 0, initialPoolSize -> 10, jdbcUrl -> jdbc:mysql://localhost:3306/mldn, maxAdministrativeTaskTime -> 0, maxConnectionAge -> 0, maxIdleTime -> 20, maxIdleTimeExcessConnections -> 0, maxPoolSize -> 1, maxStatements -> 0, maxStatementsPerConnection -> 0, minPoolSize -> 1, numHelperThreads -> 3, numThreadsAwaitingCheckoutDefaultUser -> 0, preferredTestQuery -> null, properties -> {user=******, password=******}, propertyCycle -> 0, testConnectionOnCheckin -> false, testConnectionOnCheckout -> false, unreturnedConnectionTimeout -> 0, usesTraditionalReflectiveProxies -> false ]
2015-12-11 18:19:26,715 INFO [org.springframework.beans.factory.annotation.AutowiredAnnotationBeanPostProcessor] - JSR-330 'javax.inject.Inject' annotation found and supported for autowiring
2015-12-11 18:19:26,732 INFO [com.mchange.v2.c3p0.impl.AbstractPoolBackedDataSource] - Initializing c3p0 pool... com.mchange.v2.c3p0.ComboPooledDataSource [ acquireIncrement -> 3, acquireRetryAttempts -> 30, acquireRetryDelay -> 1000, autoCommitOnClose -> false, automaticTestTable -> null, breakAfterAcquireFailure -> false, checkoutTimeout -> 0, connectionCustomizerClassName -> null, connectionTesterClassName -> com.mchange.v2.c3p0.impl.DefaultConnectionTester, dataSourceName -> 1hge15z9d143w4331g8y4ki|1c7b9aa2, debugUnreturnedConnectionStackTraces -> false, description -> null, driverClass -> org.gjt.mm.mysql.Driver, factoryClassLocation -> null, forceIgnoreUnresolvedTransactions -> false, identityToken -> 1hge15z9d143w4331g8y4ki|1c7b9aa2, idleConnectionTestPeriod -> 0, initialPoolSize -> 10, jdbcUrl -> jdbc:mysql://localhost:3306/mldn, maxAdministrativeTaskTime -> 0, maxConnectionAge -> 0, maxIdleTime -> 20, maxIdleTimeExcessConnections -> 0, maxPoolSize -> 1, maxStatements -> 0, maxStatementsPerConnection -> 0, minPoolSize -> 1, numHelperThreads -> 3, numThreadsAwaitingCheckoutDefaultUser -> 0, preferredTestQuery -> null, properties -> {user=******, password=******}, propertyCycle -> 0, testConnectionOnCheckin -> false, testConnectionOnCheckout -> false, unreturnedConnectionTimeout -> 0, usesTraditionalReflectiveProxies -> false ]
2015-12-11 18:19:26,800 INFO [com.mchange.v2.c3p0.impl.AbstractPoolBackedDataSource] - Initializing c3p0 pool... com.mchange.v2.c3p0.ComboPooledDataSource [ acquireIncrement -> 3, acquireRetryAttempts -> 30, acquireRetryDelay -> 1000, autoCommitOnClose -> false, automaticTestTable -> null, breakAfterAcquireFailure -> false, checkoutTimeout -> 0, connectionCustomizerClassName -> null, connectionTesterClassName -> com.mchange.v2.c3p0.impl.DefaultConnectionTester, dataSourceName -> 1hge15z9d143w3h91rgjme|2603826d, debugUnreturnedConnectionStackTraces -> false, description -> null, driverClass -> org.gjt.mm.mysql.Driver, factoryClassLocation -> null, forceIgnoreUnresolvedTransactions -> false, identityToken -> 1hge15z9d143w3h91rgjme|2603826d, idleConnectionTestPeriod -> 0, initialPoolSize -> 10, jdbcUrl -> jdbc:mysql://localhost:3306/mldn, maxAdministrativeTaskTime -> 0, maxConnectionAge -> 0, maxIdleTime -> 20, maxIdleTimeExcessConnections -> 0, maxPoolSize -> 1, maxStatements -> 0, maxStatementsPerConnection -> 0, minPoolSize -> 1, numHelperThreads -> 3, numThreadsAwaitingCheckoutDefaultUser -> 0, preferredTestQuery -> null, properties -> {user=******, password=******}, propertyCycle -> 0, testConnectionOnCheckin -> false, testConnectionOnCheckout -> false, unreturnedConnectionTimeout -> 0, usesTraditionalReflectiveProxies -> false ]
2015-12-11 18:19:26,961 INFO [com.mchange.v2.c3p0.C3P0Registry] - Initializing c3p0-0.9.1.2 [built 21-May-2007 15:04:56; debug? true; trace: 10]
2015-12-11 18:19:27,061 INFO [com.mchange.v2.c3p0.C3P0Registry] - Initializing c3p0-0.9.1.2 [built 21-May-2007 15:04:56; debug? true; trace: 10]
2015-12-11 18:19:27,106 DEBUG [cn.mldn.vo.mapping.NewsNS.doCreate] - ooo Using Connection [com.mchange.v2.c3p0.impl.NewProxyConnection@46e1d5d9]
2015-12-11 18:19:27,115 DEBUG [cn.mldn.vo.mapping.NewsNS.doCreate] - ==>  Preparing: INSERT INTO news(title,pub_date,content) VALUES (?,?,?) 
2015-12-11 18:19:27,161 INFO [com.mchange.v2.log.MLog] - MLog clients using log4j logging.
2015-12-11 18:19:27,194 DEBUG [cn.mldn.vo.mapping.NewsNS.doCreate] - ==> Parameters: MyBatis很重要(String), 2015-12-11 18:19:26.632(Timestamp), 开发中都用它，你说重要不重要！(String)
2015-12-11 18:19:27,208 INFO [com.mchange.v2.log.MLog] - MLog clients using log4j logging.
2015-12-11 18:19:27,214 DEBUG [cn.mldn.vo.mapping.NewsNS.doCreate] - <==    Updates: 1
2015-12-11 18:19:27,538 INFO [com.mchange.v2.c3p0.C3P0Registry] - Initializing c3p0-0.9.1.2 [built 21-May-2007 15:04:56; debug? true; trace: 10]
2015-12-11 18:19:27,837 INFO [org.springframework.context.support.PropertySourcesPlaceholderConfigurer] - Loading properties file from class path resource [database.properties]
2015-12-11 18:19:27,848 INFO [org.springframework.beans.factory.annotation.AutowiredAnnotationBeanPostProcessor] - JSR-330 'javax.inject.Inject' annotation found and supported for autowiring
2015-12-11 18:19:27,932 INFO [com.mchange.v2.log.MLog] - MLog clients using log4j logging.
2015-12-11 18:19:28,194 INFO [org.springframework.context.support.PropertySourcesPlaceholderConfigurer] - Loading properties file from class path resource [database.properties]
2015-12-11 18:19:28,208 INFO [org.springframework.beans.factory.annotation.AutowiredAnnotationBeanPostProcessor] - JSR-330 'javax.inject.Inject' annotation found and supported for autowiring
2015-12-11 18:19:28,270 INFO [org.springframework.context.support.PropertySourcesPlaceholderConfigurer] - Loading properties file from class path resource [database.properties]
2015-12-11 18:19:28,308 INFO [com.mchange.v2.log.MLog] - MLog clients using log4j logging.
2015-12-11 18:19:28,333 INFO [com.mchange.v2.c3p0.C3P0Registry] - Initializing c3p0-0.9.1.2 [built 21-May-2007 15:04:56; debug? true; trace: 10]
2015-12-11 18:19:28,372 INFO [com.mchange.v2.c3p0.C3P0Registry] - Initializing c3p0-0.9.1.2 [built 21-May-2007 15:04:56; debug? true; trace: 10]
2015-12-11 18:19:28,415 DEBUG [cn.mldn.vo.mapping.NewsNS.doCreate] - ooo Using Connection [com.mchange.v2.c3p0.impl.NewProxyConnection@1e66fdbd]
2015-12-11 18:19:28,423 DEBUG [cn.mldn.vo.mapping.NewsNS.doCreate] - ==>  Preparing: INSERT INTO news(title,pub_date,content) VALUES (?,?,?) 
2015-12-11 18:19:28,522 DEBUG [cn.mldn.vo.mapping.NewsNS.doCreate] - ==> Parameters: MyBatis很重要(String), 2015-12-11 18:19:27.985(Timestamp), 开发中都用它，你说重要不重要！(String)
2015-12-11 18:19:28,542 DEBUG [cn.mldn.vo.mapping.NewsNS.doCreate] - <==    Updates: 1
2015-12-11 18:19:28,623 INFO [com.mchange.v2.c3p0.impl.AbstractPoolBackedDataSource] - Initializing c3p0 pool... com.mchange.v2.c3p0.ComboPooledDataSource [ acquireIncrement -> 3, acquireRetryAttempts -> 30, acquireRetryDelay -> 1000, autoCommitOnClose -> false, automaticTestTable -> null, breakAfterAcquireFailure -> false, checkoutTimeout -> 0, connectionCustomizerClassName -> null, connectionTesterClassName -> com.mchange.v2.c3p0.impl.DefaultConnectionTester, dataSourceName -> 1hge15z9d143w5n918559vq|720f1977, debugUnreturnedConnectionStackTraces -> false, description -> null, driverClass -> org.gjt.mm.mysql.Driver, factoryClassLocation -> null, forceIgnoreUnresolvedTransactions -> false, identityToken -> 1hge15z9d143w5n918559vq|720f1977, idleConnectionTestPeriod -> 0, initialPoolSize -> 10, jdbcUrl -> jdbc:mysql://localhost:3306/mldn, maxAdministrativeTaskTime -> 0, maxConnectionAge -> 0, maxIdleTime -> 20, maxIdleTimeExcessConnections -> 0, maxPoolSize -> 1, maxStatements -> 0, maxStatementsPerConnection -> 0, minPoolSize -> 1, numHelperThreads -> 3, numThreadsAwaitingCheckoutDefaultUser -> 0, preferredTestQuery -> null, properties -> {user=******, password=******}, propertyCycle -> 0, testConnectionOnCheckin -> false, testConnectionOnCheckout -> false, unreturnedConnectionTimeout -> 0, usesTraditionalReflectiveProxies -> false ]
2015-12-11 18:19:28,685 INFO [org.springframework.context.support.PropertySourcesPlaceholderConfigurer] - Loading properties file from class path resource [database.properties]
2015-12-11 18:19:28,691 INFO [org.springframework.beans.factory.annotation.AutowiredAnnotationBeanPostProcessor] - JSR-330 'javax.inject.Inject' annotation found and supported for autowiring
2015-12-11 18:19:28,739 DEBUG [cn.mldn.vo.mapping.NewsNS.doCreate] - ooo Using Connection [com.mchange.v2.c3p0.impl.NewProxyConnection@25d25f8d]
2015-12-11 18:19:28,748 DEBUG [cn.mldn.vo.mapping.NewsNS.doCreate] - ==>  Preparing: INSERT INTO news(title,pub_date,content) VALUES (?,?,?) 
2015-12-11 18:19:28,871 DEBUG [cn.mldn.vo.mapping.NewsNS.doCreate] - ==> Parameters: MyBatis很重要(String), 2015-12-11 18:19:28.179(Timestamp), 开发中都用它，你说重要不重要！(String)
2015-12-11 18:19:28,877 INFO [org.springframework.beans.factory.annotation.AutowiredAnnotationBeanPostProcessor] - JSR-330 'javax.inject.Inject' annotation found and supported for autowiring
2015-12-11 18:19:28,887 DEBUG [cn.mldn.vo.mapping.NewsNS.doCreate] - <==    Updates: 1
2015-12-11 18:19:28,978 INFO [com.mchange.v2.log.MLog] - MLog clients using log4j logging.
2015-12-11 18:19:28,989 INFO [com.mchange.v2.c3p0.C3P0Registry] - Initializing c3p0-0.9.1.2 [built 21-May-2007 15:04:56; debug? true; trace: 10]
2015-12-11 18:19:29,081 INFO [com.mchange.v2.c3p0.C3P0Registry] - Initializing c3p0-0.9.1.2 [built 21-May-2007 15:04:56; debug? true; trace: 10]
2015-12-11 18:19:29,128 INFO [com.mchange.v2.c3p0.impl.AbstractPoolBackedDataSource] - Initializing c3p0 pool... com.mchange.v2.c3p0.ComboPooledDataSource [ acquireIncrement -> 3, acquireRetryAttempts -> 30, acquireRetryDelay -> 1000, autoCommitOnClose -> false, automaticTestTable -> null, breakAfterAcquireFailure -> false, checkoutTimeout -> 0, connectionCustomizerClassName -> null, connectionTesterClassName -> com.mchange.v2.c3p0.impl.DefaultConnectionTester, dataSourceName -> 1hge15z9d143w7gb1hdaswr|41c1b019, debugUnreturnedConnectionStackTraces -> false, description -> null, driverClass -> org.gjt.mm.mysql.Driver, factoryClassLocation -> null, forceIgnoreUnresolvedTransactions -> false, identityToken -> 1hge15z9d143w7gb1hdaswr|41c1b019, idleConnectionTestPeriod -> 0, initialPoolSize -> 10, jdbcUrl -> jdbc:mysql://localhost:3306/mldn, maxAdministrativeTaskTime -> 0, maxConnectionAge -> 0, maxIdleTime -> 20, maxIdleTimeExcessConnections -> 0, maxPoolSize -> 1, maxStatements -> 0, maxStatementsPerConnection -> 0, minPoolSize -> 1, numHelperThreads -> 3, numThreadsAwaitingCheckoutDefaultUser -> 0, preferredTestQuery -> null, properties -> {user=******, password=******}, propertyCycle -> 0, testConnectionOnCheckin -> false, testConnectionOnCheckout -> false, unreturnedConnectionTimeout -> 0, usesTraditionalReflectiveProxies -> false ]
2015-12-11 18:19:29,141 DEBUG [cn.mldn.vo.mapping.NewsNS.doCreate] - ooo Using Connection [com.mchange.v2.c3p0.impl.NewProxyConnection@456ffab9]
2015-12-11 18:19:29,149 INFO [com.mchange.v2.c3p0.impl.AbstractPoolBackedDataSource] - Initializing c3p0 pool... com.mchange.v2.c3p0.ComboPooledDataSource [ acquireIncrement -> 3, acquireRetryAttempts -> 30, acquireRetryDelay -> 1000, autoCommitOnClose -> false, automaticTestTable -> null, breakAfterAcquireFailure -> false, checkoutTimeout -> 0, connectionCustomizerClassName -> null, connectionTesterClassName -> com.mchange.v2.c3p0.impl.DefaultConnectionTester, dataSourceName -> 1hge15z9d143w6qe13tb0xu|77ff73cf, debugUnreturnedConnectionStackTraces -> false, description -> null, driverClass -> org.gjt.mm.mysql.Driver, factoryClassLocation -> null, forceIgnoreUnresolvedTransactions -> false, identityToken -> 1hge15z9d143w6qe13tb0xu|77ff73cf, idleConnectionTestPeriod -> 0, initialPoolSize -> 10, jdbcUrl -> jdbc:mysql://localhost:3306/mldn, maxAdministrativeTaskTime -> 0, maxConnectionAge -> 0, maxIdleTime -> 20, maxIdleTimeExcessConnections -> 0, maxPoolSize -> 1, maxStatements -> 0, maxStatementsPerConnection -> 0, minPoolSize -> 1, numHelperThreads -> 3, numThreadsAwaitingCheckoutDefaultUser -> 0, preferredTestQuery -> null, properties -> {user=******, password=******}, propertyCycle -> 0, testConnectionOnCheckin -> false, testConnectionOnCheckout -> false, unreturnedConnectionTimeout -> 0, usesTraditionalReflectiveProxies -> false ]
2015-12-11 18:19:29,159 DEBUG [cn.mldn.vo.mapping.NewsNS.doCreate] - ==>  Preparing: INSERT INTO news(title,pub_date,content) VALUES (?,?,?) 
2015-12-11 18:19:29,249 INFO [com.mchange.v2.c3p0.impl.AbstractPoolBackedDataSource] - Initializing c3p0 pool... com.mchange.v2.c3p0.ComboPooledDataSource [ acquireIncrement -> 3, acquireRetryAttempts -> 30, acquireRetryDelay -> 1000, autoCommitOnClose -> false, automaticTestTable -> null, breakAfterAcquireFailure -> false, checkoutTimeout -> 0, connectionCustomizerClassName -> null, connectionTesterClassName -> com.mchange.v2.c3p0.impl.DefaultConnectionTester, dataSourceName -> 1hge15z9d143w55622l81p|16c8b5a6, debugUnreturnedConnectionStackTraces -> false, description -> null, driverClass -> org.gjt.mm.mysql.Driver, factoryClassLocation -> null, forceIgnoreUnresolvedTransactions -> false, identityToken -> 1hge15z9d143w55622l81p|16c8b5a6, idleConnectionTestPeriod -> 0, initialPoolSize -> 10, jdbcUrl -> jdbc:mysql://localhost:3306/mldn, maxAdministrativeTaskTime -> 0, maxConnectionAge -> 0, maxIdleTime -> 20, maxIdleTimeExcessConnections -> 0, maxPoolSize -> 1, maxStatements -> 0, maxStatementsPerConnection -> 0, minPoolSize -> 1, numHelperThreads -> 3, numThreadsAwaitingCheckoutDefaultUser -> 0, preferredTestQuery -> null, properties -> {user=******, password=******}, propertyCycle -> 0, testConnectionOnCheckin -> false, testConnectionOnCheckout -> false, unreturnedConnectionTimeout -> 0, usesTraditionalReflectiveProxies -> false ]
2015-12-11 18:19:29,292 DEBUG [cn.mldn.vo.mapping.NewsNS.doCreate] - ==> Parameters: MyBatis很重要(String), 2015-12-11 18:19:28.531(Timestamp), 开发中都用它，你说重要不重要！(String)
2015-12-11 18:19:29,316 DEBUG [cn.mldn.vo.mapping.NewsNS.doCreate] - <==    Updates: 1
2015-12-11 18:19:29,342 INFO [com.mchange.v2.log.MLog] - MLog clients using log4j logging.
2015-12-11 18:19:29,376 INFO [com.mchange.v2.log.MLog] - MLog clients using log4j logging.
2015-12-11 18:19:29,396 INFO [com.mchange.v2.c3p0.impl.AbstractPoolBackedDataSource] - Initializing c3p0 pool... com.mchange.v2.c3p0.ComboPooledDataSource [ acquireIncrement -> 3, acquireRetryAttempts -> 30, acquireRetryDelay -> 1000, autoCommitOnClose -> false, automaticTestTable -> null, breakAfterAcquireFailure -> false, checkoutTimeout -> 0, connectionCustomizerClassName -> null, connectionTesterClassName -> com.mchange.v2.c3p0.impl.DefaultConnectionTester, dataSourceName -> 1hge15z9d143w6qi19esuct|720f1977, debugUnreturnedConnectionStackTraces -> false, description -> null, driverClass -> org.gjt.mm.mysql.Driver, factoryClassLocation -> null, forceIgnoreUnresolvedTransactions -> false, identityToken -> 1hge15z9d143w6qi19esuct|720f1977, idleConnectionTestPeriod -> 0, initialPoolSize -> 10, jdbcUrl -> jdbc:mysql://localhost:3306/mldn, maxAdministrativeTaskTime -> 0, maxConnectionAge -> 0, maxIdleTime -> 20, maxIdleTimeExcessConnections -> 0, maxPoolSize -> 1, maxStatements -> 0, maxStatementsPerConnection -> 0, minPoolSize -> 1, numHelperThreads -> 3, numThreadsAwaitingCheckoutDefaultUser -> 0, preferredTestQuery -> null, properties -> {user=******, password=******}, propertyCycle -> 0, testConnectionOnCheckin -> false, testConnectionOnCheckout -> false, unreturnedConnectionTimeout -> 0, usesTraditionalReflectiveProxies -> false ]
2015-12-11 18:19:29,404 INFO [com.mchange.v2.c3p0.impl.AbstractPoolBackedDataSource] - Initializing c3p0 pool... com.mchange.v2.c3p0.ComboPooledDataSource [ acquireIncrement -> 3, acquireRetryAttempts -> 30, acquireRetryDelay -> 1000, autoCommitOnClose -> false, automaticTestTable -> null, breakAfterAcquireFailure -> false, checkoutTimeout -> 0, connectionCustomizerClassName -> null, connectionTesterClassName -> com.mchange.v2.c3p0.impl.DefaultConnectionTester, dataSourceName -> 1hge15z9d143w5x1t43qto|1e0745c2, debugUnreturnedConnectionStackTraces -> false, description -> null, driverClass -> org.gjt.mm.mysql.Driver, factoryClassLocation -> null, forceIgnoreUnresolvedTransactions -> false, identityToken -> 1hge15z9d143w5x1t43qto|1e0745c2, idleConnectionTestPeriod -> 0, initialPoolSize -> 10, jdbcUrl -> jdbc:mysql://localhost:3306/mldn, maxAdministrativeTaskTime -> 0, maxConnectionAge -> 0, maxIdleTime -> 20, maxIdleTimeExcessConnections -> 0, maxPoolSize -> 1, maxStatements -> 0, maxStatementsPerConnection -> 0, minPoolSize -> 1, numHelperThreads -> 3, numThreadsAwaitingCheckoutDefaultUser -> 0, preferredTestQuery -> null, properties -> {user=******, password=******}, propertyCycle -> 0, testConnectionOnCheckin -> false, testConnectionOnCheckout -> false, unreturnedConnectionTimeout -> 0, usesTraditionalReflectiveProxies -> false ]
2015-12-11 18:19:29,802 INFO [com.mchange.v2.c3p0.impl.AbstractPoolBackedDataSource] - Initializing c3p0 pool... com.mchange.v2.c3p0.ComboPooledDataSource [ acquireIncrement -> 3, acquireRetryAttempts -> 30, acquireRetryDelay -> 1000, autoCommitOnClose -> false, automaticTestTable -> null, breakAfterAcquireFailure -> false, checkoutTimeout -> 0, connectionCustomizerClassName -> null, connectionTesterClassName -> com.mchange.v2.c3p0.impl.DefaultConnectionTester, dataSourceName -> 1hge15z9d143w82i111a7m8|31fa4f2a, debugUnreturnedConnectionStackTraces -> false, description -> null, driverClass -> org.gjt.mm.mysql.Driver, factoryClassLocation -> null, forceIgnoreUnresolvedTransactions -> false, identityToken -> 1hge15z9d143w82i111a7m8|31fa4f2a, idleConnectionTestPeriod -> 0, initialPoolSize -> 10, jdbcUrl -> jdbc:mysql://localhost:3306/mldn, maxAdministrativeTaskTime -> 0, maxConnectionAge -> 0, maxIdleTime -> 20, maxIdleTimeExcessConnections -> 0, maxPoolSize -> 1, maxStatements -> 0, maxStatementsPerConnection -> 0, minPoolSize -> 1, numHelperThreads -> 3, numThreadsAwaitingCheckoutDefaultUser -> 0, preferredTestQuery -> null, properties -> {user=******, password=******}, propertyCycle -> 0, testConnectionOnCheckin -> false, testConnectionOnCheckout -> false, unreturnedConnectionTimeout -> 0, usesTraditionalReflectiveProxies -> false ]
2015-12-11 18:19:29,819 INFO [com.mchange.v2.log.MLog] - MLog clients using log4j logging.
2015-12-11 18:19:29,970 INFO [com.mchange.v2.c3p0.C3P0Registry] - Initializing c3p0-0.9.1.2 [built 21-May-2007 15:04:56; debug? true; trace: 10]
2015-12-11 18:19:30,325 INFO [com.mchange.v2.c3p0.impl.AbstractPoolBackedDataSource] - Initializing c3p0 pool... com.mchange.v2.c3p0.ComboPooledDataSource [ acquireIncrement -> 3, acquireRetryAttempts -> 30, acquireRetryDelay -> 1000, autoCommitOnClose -> false, automaticTestTable -> null, breakAfterAcquireFailure -> false, checkoutTimeout -> 0, connectionCustomizerClassName -> null, connectionTesterClassName -> com.mchange.v2.c3p0.impl.DefaultConnectionTester, dataSourceName -> 1hge15z9d143w8o9dzsgkd|3206ee33, debugUnreturnedConnectionStackTraces -> false, description -> null, driverClass -> org.gjt.mm.mysql.Driver, factoryClassLocation -> null, forceIgnoreUnresolvedTransactions -> false, identityToken -> 1hge15z9d143w8o9dzsgkd|3206ee33, idleConnectionTestPeriod -> 0, initialPoolSize -> 10, jdbcUrl -> jdbc:mysql://localhost:3306/mldn, maxAdministrativeTaskTime -> 0, maxConnectionAge -> 0, maxIdleTime -> 20, maxIdleTimeExcessConnections -> 0, maxPoolSize -> 1, maxStatements -> 0, maxStatementsPerConnection -> 0, minPoolSize -> 1, numHelperThreads -> 3, numThreadsAwaitingCheckoutDefaultUser -> 0, preferredTestQuery -> null, properties -> {user=******, password=******}, propertyCycle -> 0, testConnectionOnCheckin -> false, testConnectionOnCheckout -> false, unreturnedConnectionTimeout -> 0, usesTraditionalReflectiveProxies -> false ]
2015-12-11 18:19:30,327 DEBUG [cn.mldn.vo.mapping.NewsNS.doCreate] - ooo Using Connection [com.mchange.v2.c3p0.impl.NewProxyConnection@11f5d37b]
2015-12-11 18:19:30,404 DEBUG [cn.mldn.vo.mapping.NewsNS.doCreate] - ==>  Preparing: INSERT INTO news(title,pub_date,content) VALUES (?,?,?) 
2015-12-11 18:19:30,517 DEBUG [cn.mldn.vo.mapping.NewsNS.doCreate] - ooo Using Connection [com.mchange.v2.c3p0.impl.NewProxyConnection@787faefa]
2015-12-11 18:19:30,535 DEBUG [cn.mldn.vo.mapping.NewsNS.doCreate] - ==> Parameters: MyBatis很重要(String), 2015-12-11 18:19:30.144(Timestamp), 开发中都用它，你说重要不重要！(String)
2015-12-11 18:19:30,555 DEBUG [cn.mldn.vo.mapping.NewsNS.doCreate] - ==>  Preparing: INSERT INTO news(title,pub_date,content) VALUES (?,?,?) 
2015-12-11 18:19:30,590 DEBUG [cn.mldn.vo.mapping.NewsNS.doCreate] - <==    Updates: 1
2015-12-11 18:19:30,624 INFO [com.mchange.v2.c3p0.impl.AbstractPoolBackedDataSource] - Initializing c3p0 pool... com.mchange.v2.c3p0.ComboPooledDataSource [ acquireIncrement -> 3, acquireRetryAttempts -> 30, acquireRetryDelay -> 1000, autoCommitOnClose -> false, automaticTestTable -> null, breakAfterAcquireFailure -> false, checkoutTimeout -> 0, connectionCustomizerClassName -> null, connectionTesterClassName -> com.mchange.v2.c3p0.impl.DefaultConnectionTester, dataSourceName -> 1hge15z9d143w8r11it377p|3a42c186, debugUnreturnedConnectionStackTraces -> false, description -> null, driverClass -> org.gjt.mm.mysql.Driver, factoryClassLocation -> null, forceIgnoreUnresolvedTransactions -> false, identityToken -> 1hge15z9d143w8r11it377p|3a42c186, idleConnectionTestPeriod -> 0, initialPoolSize -> 10, jdbcUrl -> jdbc:mysql://localhost:3306/mldn, maxAdministrativeTaskTime -> 0, maxConnectionAge -> 0, maxIdleTime -> 20, maxIdleTimeExcessConnections -> 0, maxPoolSize -> 1, maxStatements -> 0, maxStatementsPerConnection -> 0, minPoolSize -> 1, numHelperThreads -> 3, numThreadsAwaitingCheckoutDefaultUser -> 0, preferredTestQuery -> null, properties -> {user=******, password=******}, propertyCycle -> 0, testConnectionOnCheckin -> false, testConnectionOnCheckout -> false, unreturnedConnectionTimeout -> 0, usesTraditionalReflectiveProxies -> false ]
2015-12-11 18:19:30,689 DEBUG [cn.mldn.vo.mapping.NewsNS.doCreate] - ==> Parameters: MyBatis很重要(String), 2015-12-11 18:19:30.374(Timestamp), 开发中都用它，你说重要不重要！(String)
2015-12-11 18:19:30,704 INFO [com.mchange.v2.c3p0.impl.AbstractPoolBackedDataSource] - Initializing c3p0 pool... com.mchange.v2.c3p0.ComboPooledDataSource [ acquireIncrement -> 3, acquireRetryAttempts -> 30, acquireRetryDelay -> 1000, autoCommitOnClose -> false, automaticTestTable -> null, breakAfterAcquireFailure -> false, checkoutTimeout -> 0, connectionCustomizerClassName -> null, connectionTesterClassName -> com.mchange.v2.c3p0.impl.DefaultConnectionTester, dataSourceName -> 1hge15z9d143w7tp1yb7lc6|7e288894, debugUnreturnedConnectionStackTraces -> false, description -> null, driverClass -> org.gjt.mm.mysql.Driver, factoryClassLocation -> null, forceIgnoreUnresolvedTransactions -> false, identityToken -> 1hge15z9d143w7tp1yb7lc6|7e288894, idleConnectionTestPeriod -> 0, initialPoolSize -> 10, jdbcUrl -> jdbc:mysql://localhost:3306/mldn, maxAdministrativeTaskTime -> 0, maxConnectionAge -> 0, maxIdleTime -> 20, maxIdleTimeExcessConnections -> 0, maxPoolSize -> 1, maxStatements -> 0, maxStatementsPerConnection -> 0, minPoolSize -> 1, numHelperThreads -> 3, numThreadsAwaitingCheckoutDefaultUser -> 0, preferredTestQuery -> null, properties -> {user=******, password=******}, propertyCycle -> 0, testConnectionOnCheckin -> false, testConnectionOnCheckout -> false, unreturnedConnectionTimeout -> 0, usesTraditionalReflectiveProxies -> false ]
2015-12-11 18:19:30,731 DEBUG [cn.mldn.vo.mapping.NewsNS.doCreate] - <==    Updates: 1
2015-12-11 18:19:30,818 DEBUG [cn.mldn.vo.mapping.NewsNS.doCreate] - ooo Using Connection [com.mchange.v2.c3p0.impl.NewProxyConnection@75c69e55]
2015-12-11 18:19:30,827 DEBUG [cn.mldn.vo.mapping.NewsNS.doCreate] - ==>  Preparing: INSERT INTO news(title,pub_date,content) VALUES (?,?,?) 
2015-12-11 18:19:30,927 DEBUG [cn.mldn.vo.mapping.NewsNS.doCreate] - ==> Parameters: MyBatis很重要(String), 2015-12-11 18:19:30.704(Timestamp), 开发中都用它，你说重要不重要！(String)
2015-12-11 18:19:30,943 DEBUG [cn.mldn.vo.mapping.NewsNS.doCreate] - <==    Updates: 1
2015-12-11 18:19:31,020 DEBUG [cn.mldn.vo.mapping.NewsNS.doCreate] - ooo Using Connection [com.mchange.v2.c3p0.impl.NewProxyConnection@3f574c4a]
2015-12-11 18:19:31,029 DEBUG [cn.mldn.vo.mapping.NewsNS.doCreate] - ==>  Preparing: INSERT INTO news(title,pub_date,content) VALUES (?,?,?) 
2015-12-11 18:19:31,220 DEBUG [cn.mldn.vo.mapping.NewsNS.doCreate] - ooo Using Connection [com.mchange.v2.c3p0.impl.NewProxyConnection@75c69e55]
2015-12-11 18:19:31,226 INFO [com.mchange.v2.c3p0.impl.AbstractPoolBackedDataSource] - Initializing c3p0 pool... com.mchange.v2.c3p0.ComboPooledDataSource [ acquireIncrement -> 3, acquireRetryAttempts -> 30, acquireRetryDelay -> 1000, autoCommitOnClose -> false, automaticTestTable -> null, breakAfterAcquireFailure -> false, checkoutTimeout -> 0, connectionCustomizerClassName -> null, connectionTesterClassName -> com.mchange.v2.c3p0.impl.DefaultConnectionTester, dataSourceName -> 1hge15z9d143w94s15on3mz|4837e964, debugUnreturnedConnectionStackTraces -> false, description -> null, driverClass -> org.gjt.mm.mysql.Driver, factoryClassLocation -> null, forceIgnoreUnresolvedTransactions -> false, identityToken -> 1hge15z9d143w94s15on3mz|4837e964, idleConnectionTestPeriod -> 0, initialPoolSize -> 10, jdbcUrl -> jdbc:mysql://localhost:3306/mldn, maxAdministrativeTaskTime -> 0, maxConnectionAge -> 0, maxIdleTime -> 20, maxIdleTimeExcessConnections -> 0, maxPoolSize -> 1, maxStatements -> 0, maxStatementsPerConnection -> 0, minPoolSize -> 1, numHelperThreads -> 3, numThreadsAwaitingCheckoutDefaultUser -> 0, preferredTestQuery -> null, properties -> {user=******, password=******}, propertyCycle -> 0, testConnectionOnCheckin -> false, testConnectionOnCheckout -> false, unreturnedConnectionTimeout -> 0, usesTraditionalReflectiveProxies -> false ]
2015-12-11 18:19:31,231 DEBUG [cn.mldn.vo.mapping.NewsNS.doCreate] - ==> Parameters: MyBatis很重要(String), 2015-12-11 18:19:30.759(Timestamp), 开发中都用它，你说重要不重要！(String)
2015-12-11 18:19:31,236 DEBUG [cn.mldn.vo.mapping.NewsNS.doCreate] - ==>  Preparing: INSERT INTO news(title,pub_date,content) VALUES (?,?,?) 
2015-12-11 18:19:31,275 DEBUG [cn.mldn.vo.mapping.NewsNS.doCreate] - <==    Updates: 1
2015-12-11 18:19:31,370 DEBUG [cn.mldn.vo.mapping.NewsNS.doCreate] - ==> Parameters: MyBatis很重要(String), 2015-12-11 18:19:30.965(Timestamp), 开发中都用它，你说重要不重要！(String)
2015-12-11 18:19:31,393 DEBUG [cn.mldn.vo.mapping.NewsNS.doCreate] - <==    Updates: 1
2015-12-11 18:19:31,431 INFO [com.mchange.v2.c3p0.C3P0Registry] - Initializing c3p0-0.9.1.2 [built 21-May-2007 15:04:56; debug? true; trace: 10]
2015-12-11 18:19:31,506 DEBUG [cn.mldn.vo.mapping.NewsNS.doCreate] - ooo Using Connection [com.mchange.v2.c3p0.impl.NewProxyConnection@9c320cc]
2015-12-11 18:19:31,524 DEBUG [cn.mldn.vo.mapping.NewsNS.doCreate] - ==>  Preparing: INSERT INTO news(title,pub_date,content) VALUES (?,?,?) 
2015-12-11 18:19:31,625 DEBUG [cn.mldn.vo.mapping.NewsNS.doCreate] - ==> Parameters: MyBatis很重要(String), 2015-12-11 18:19:31.273(Timestamp), 开发中都用它，你说重要不重要！(String)
2015-12-11 18:19:31,647 DEBUG [cn.mldn.vo.mapping.NewsNS.doCreate] - <==    Updates: 1
2015-12-11 18:19:31,659 DEBUG [cn.mldn.vo.mapping.NewsNS.doCreate] - ooo Using Connection [com.mchange.v2.c3p0.impl.NewProxyConnection@4e2ff580]
2015-12-11 18:19:31,681 DEBUG [cn.mldn.vo.mapping.NewsNS.doCreate] - ==>  Preparing: INSERT INTO news(title,pub_date,content) VALUES (?,?,?) 
2015-12-11 18:19:31,743 INFO [com.mchange.v2.c3p0.C3P0Registry] - Initializing c3p0-0.9.1.2 [built 21-May-2007 15:04:56; debug? true; trace: 10]
2015-12-11 18:19:31,777 DEBUG [cn.mldn.vo.mapping.NewsNS.doCreate] - ==> Parameters: MyBatis很重要(String), 2015-12-11 18:19:31.371(Timestamp), 开发中都用它，你说重要不重要！(String)
2015-12-11 18:19:31,847 DEBUG [cn.mldn.vo.mapping.NewsNS.doCreate] - <==    Updates: 1
2015-12-11 18:19:31,918 DEBUG [cn.mldn.vo.mapping.NewsNS.doCreate] - ooo Using Connection [com.mchange.v2.c3p0.impl.NewProxyConnection@4b578699]
2015-12-11 18:19:31,927 DEBUG [cn.mldn.vo.mapping.NewsNS.doCreate] - ==>  Preparing: INSERT INTO news(title,pub_date,content) VALUES (?,?,?) 
2015-12-11 18:19:31,995 INFO [com.mchange.v2.c3p0.C3P0Registry] - Initializing c3p0-0.9.1.2 [built 21-May-2007 15:04:56; debug? true; trace: 10]
2015-12-11 18:19:32,016 DEBUG [cn.mldn.vo.mapping.NewsNS.doCreate] - ==> Parameters: MyBatis很重要(String), 2015-12-11 18:19:31.814(Timestamp), 开发中都用它，你说重要不重要！(String)
2015-12-11 18:19:32,058 DEBUG [cn.mldn.vo.mapping.NewsNS.doCreate] - <==    Updates: 1
2015-12-11 18:19:32,091 DEBUG [cn.mldn.vo.mapping.NewsNS.doCreate] - ooo Using Connection [com.mchange.v2.c3p0.impl.NewProxyConnection@5c03f82f]
2015-12-11 18:19:32,100 DEBUG [cn.mldn.vo.mapping.NewsNS.doCreate] - ==>  Preparing: INSERT INTO news(title,pub_date,content) VALUES (?,?,?) 
2015-12-11 18:19:32,209 DEBUG [cn.mldn.vo.mapping.NewsNS.doCreate] - ==> Parameters: MyBatis很重要(String), 2015-12-11 18:19:31.896(Timestamp), 开发中都用它，你说重要不重要！(String)
2015-12-11 18:19:32,212 DEBUG [cn.mldn.vo.mapping.NewsNS.doCreate] - ooo Using Connection [com.mchange.v2.c3p0.impl.NewProxyConnection@4d45222c]
2015-12-11 18:19:32,223 DEBUG [cn.mldn.vo.mapping.NewsNS.doCreate] - ==>  Preparing: INSERT INTO news(title,pub_date,content) VALUES (?,?,?) 
2015-12-11 18:19:32,240 DEBUG [cn.mldn.vo.mapping.NewsNS.doCreate] - <==    Updates: 1
2015-12-11 18:19:32,394 INFO [com.mchange.v2.c3p0.impl.AbstractPoolBackedDataSource] - Initializing c3p0 pool... com.mchange.v2.c3p0.ComboPooledDataSource [ acquireIncrement -> 3, acquireRetryAttempts -> 30, acquireRetryDelay -> 1000, autoCommitOnClose -> false, automaticTestTable -> null, breakAfterAcquireFailure -> false, checkoutTimeout -> 0, connectionCustomizerClassName -> null, connectionTesterClassName -> com.mchange.v2.c3p0.impl.DefaultConnectionTester, dataSourceName -> 1hge15z9d143wai91bebgkr|7a7caf9b, debugUnreturnedConnectionStackTraces -> false, description -> null, driverClass -> org.gjt.mm.mysql.Driver, factoryClassLocation -> null, forceIgnoreUnresolvedTransactions -> false, identityToken -> 1hge15z9d143wai91bebgkr|7a7caf9b, idleConnectionTestPeriod -> 0, initialPoolSize -> 10, jdbcUrl -> jdbc:mysql://localhost:3306/mldn, maxAdministrativeTaskTime -> 0, maxConnectionAge -> 0, maxIdleTime -> 20, maxIdleTimeExcessConnections -> 0, maxPoolSize -> 1, maxStatements -> 0, maxStatementsPerConnection -> 0, minPoolSize -> 1, numHelperThreads -> 3, numThreadsAwaitingCheckoutDefaultUser -> 0, preferredTestQuery -> null, properties -> {user=******, password=******}, propertyCycle -> 0, testConnectionOnCheckin -> false, testConnectionOnCheckout -> false, unreturnedConnectionTimeout -> 0, usesTraditionalReflectiveProxies -> false ]
2015-12-11 18:19:32,659 DEBUG [cn.mldn.vo.mapping.NewsNS.doCreate] - ==> Parameters: MyBatis很重要(String), 2015-12-11 18:19:32.07(Timestamp), 开发中都用它，你说重要不重要！(String)
2015-12-11 18:19:32,688 DEBUG [cn.mldn.vo.mapping.NewsNS.doCreate] - <==    Updates: 1
2015-12-11 18:19:32,701 DEBUG [cn.mldn.vo.mapping.NewsNS.doCreate] - ooo Using Connection [com.mchange.v2.c3p0.impl.NewProxyConnection@63b2370e]
2015-12-11 18:19:32,714 DEBUG [cn.mldn.vo.mapping.NewsNS.doCreate] - ==>  Preparing: INSERT INTO news(title,pub_date,content) VALUES (?,?,?) 
2015-12-11 18:19:32,753 INFO [com.mchange.v2.c3p0.impl.AbstractPoolBackedDataSource] - Initializing c3p0 pool... com.mchange.v2.c3p0.ComboPooledDataSource [ acquireIncrement -> 3, acquireRetryAttempts -> 30, acquireRetryDelay -> 1000, autoCommitOnClose -> false, automaticTestTable -> null, breakAfterAcquireFailure -> false, checkoutTimeout -> 0, connectionCustomizerClassName -> null, connectionTesterClassName -> com.mchange.v2.c3p0.impl.DefaultConnectionTester, dataSourceName -> 1hge15z9d143wajp4cfbkh|27ddd608, debugUnreturnedConnectionStackTraces -> false, description -> null, driverClass -> org.gjt.mm.mysql.Driver, factoryClassLocation -> null, forceIgnoreUnresolvedTransactions -> false, identityToken -> 1hge15z9d143wajp4cfbkh|27ddd608, idleConnectionTestPeriod -> 0, initialPoolSize -> 10, jdbcUrl -> jdbc:mysql://localhost:3306/mldn, maxAdministrativeTaskTime -> 0, maxConnectionAge -> 0, maxIdleTime -> 20, maxIdleTimeExcessConnections -> 0, maxPoolSize -> 1, maxStatements -> 0, maxStatementsPerConnection -> 0, minPoolSize -> 1, numHelperThreads -> 3, numThreadsAwaitingCheckoutDefaultUser -> 0, preferredTestQuery -> null, properties -> {user=******, password=******}, propertyCycle -> 0, testConnectionOnCheckin -> false, testConnectionOnCheckout -> false, unreturnedConnectionTimeout -> 0, usesTraditionalReflectiveProxies -> false ]
2015-12-11 18:19:32,800 INFO [com.mchange.v2.c3p0.impl.AbstractPoolBackedDataSource] - Initializing c3p0 pool... com.mchange.v2.c3p0.ComboPooledDataSource [ acquireIncrement -> 3, acquireRetryAttempts -> 30, acquireRetryDelay -> 1000, autoCommitOnClose -> false, automaticTestTable -> null, breakAfterAcquireFailure -> false, checkoutTimeout -> 0, connectionCustomizerClassName -> null, connectionTesterClassName -> com.mchange.v2.c3p0.impl.DefaultConnectionTester, dataSourceName -> 1hge15z9d143waxa19t0jjk|1cd86eb9, debugUnreturnedConnectionStackTraces -> false, description -> null, driverClass -> org.gjt.mm.mysql.Driver, factoryClassLocation -> null, forceIgnoreUnresolvedTransactions -> false, identityToken -> 1hge15z9d143waxa19t0jjk|1cd86eb9, idleConnectionTestPeriod -> 0, initialPoolSize -> 10, jdbcUrl -> jdbc:mysql://localhost:3306/mldn, maxAdministrativeTaskTime -> 0, maxConnectionAge -> 0, maxIdleTime -> 20, maxIdleTimeExcessConnections -> 0, maxPoolSize -> 1, maxStatements -> 0, maxStatementsPerConnection -> 0, minPoolSize -> 1, numHelperThreads -> 3, numThreadsAwaitingCheckoutDefaultUser -> 0, preferredTestQuery -> null, properties -> {user=******, password=******}, propertyCycle -> 0, testConnectionOnCheckin -> false, testConnectionOnCheckout -> false, unreturnedConnectionTimeout -> 0, usesTraditionalReflectiveProxies -> false ]
2015-12-11 18:19:32,828 DEBUG [cn.mldn.vo.mapping.NewsNS.doCreate] - ==> Parameters: MyBatis很重要(String), 2015-12-11 18:19:32.349(Timestamp), 开发中都用它，你说重要不重要！(String)
2015-12-11 18:19:32,859 DEBUG [cn.mldn.vo.mapping.NewsNS.doCreate] - <==    Updates: 1
2015-12-11 18:19:33,196 DEBUG [cn.mldn.vo.mapping.NewsNS.doCreate] - ooo Using Connection [com.mchange.v2.c3p0.impl.NewProxyConnection@2aed913b]
2015-12-11 18:19:33,209 DEBUG [cn.mldn.vo.mapping.NewsNS.doCreate] - ==>  Preparing: INSERT INTO news(title,pub_date,content) VALUES (?,?,?) 
2015-12-11 18:19:33,269 DEBUG [cn.mldn.vo.mapping.NewsNS.doCreate] - ==> Parameters: MyBatis很重要(String), 2015-12-11 18:19:33.066(Timestamp), 开发中都用它，你说重要不重要！(String)
2015-12-11 18:19:33,279 DEBUG [cn.mldn.vo.mapping.NewsNS.doCreate] - ooo Using Connection [com.mchange.v2.c3p0.impl.NewProxyConnection@6d667b04]
2015-12-11 18:19:33,286 DEBUG [cn.mldn.vo.mapping.NewsNS.doCreate] - <==    Updates: 1
2015-12-11 18:19:33,292 DEBUG [cn.mldn.vo.mapping.NewsNS.doCreate] - ==>  Preparing: INSERT INTO news(title,pub_date,content) VALUES (?,?,?) 
2015-12-11 18:19:33,362 DEBUG [cn.mldn.vo.mapping.NewsNS.doCreate] - ==> Parameters: MyBatis很重要(String), 2015-12-11 18:19:33.187(Timestamp), 开发中都用它，你说重要不重要！(String)
2015-12-11 18:19:33,373 DEBUG [cn.mldn.vo.mapping.NewsNS.doCreate] - ooo Using Connection [com.mchange.v2.c3p0.impl.NewProxyConnection@70de484c]
2015-12-11 18:19:33,382 DEBUG [cn.mldn.vo.mapping.NewsNS.doCreate] - ==>  Preparing: INSERT INTO news(title,pub_date,content) VALUES (?,?,?) 
2015-12-11 18:19:33,382 DEBUG [cn.mldn.vo.mapping.NewsNS.doCreate] - <==    Updates: 1
2015-12-11 18:19:33,447 DEBUG [cn.mldn.vo.mapping.NewsNS.doCreate] - ==> Parameters: MyBatis很重要(String), 2015-12-11 18:19:33.293(Timestamp), 开发中都用它，你说重要不重要！(String)
2015-12-11 18:19:33,470 DEBUG [cn.mldn.vo.mapping.NewsNS.doCreate] - <==    Updates: 1
2015-12-11 18:20:40,249 INFO [org.springframework.context.support.ClassPathXmlApplicationContext] - Refreshing org.springframework.context.support.ClassPathXmlApplicationContext@3b1938ea: startup date [Fri Dec 11 18:20:40 CST 2015]; root of context hierarchy
2015-12-11 18:20:40,337 INFO [org.springframework.beans.factory.xml.XmlBeanDefinitionReader] - Loading XML bean definitions from class path resource [applicationContext.xml]
2015-12-11 18:20:40,835 INFO [org.springframework.context.support.PropertySourcesPlaceholderConfigurer] - Loading properties file from class path resource [database.properties]
2015-12-11 18:20:40,845 INFO [org.springframework.beans.factory.annotation.AutowiredAnnotationBeanPostProcessor] - JSR-330 'javax.inject.Inject' annotation found and supported for autowiring
2015-12-11 18:20:40,983 INFO [com.mchange.v2.log.MLog] - MLog clients using log4j logging.
2015-12-11 18:20:41,148 INFO [com.mchange.v2.c3p0.C3P0Registry] - Initializing c3p0-0.9.1.2 [built 21-May-2007 15:04:56; debug? true; trace: 10]
2015-12-11 18:20:41,516 INFO [com.mchange.v2.c3p0.impl.AbstractPoolBackedDataSource] - Initializing c3p0 pool... com.mchange.v2.c3p0.ComboPooledDataSource [ acquireIncrement -> 3, acquireRetryAttempts -> 30, acquireRetryDelay -> 1000, autoCommitOnClose -> false, automaticTestTable -> null, breakAfterAcquireFailure -> false, checkoutTimeout -> 0, connectionCustomizerClassName -> null, connectionTesterClassName -> com.mchange.v2.c3p0.impl.DefaultConnectionTester, dataSourceName -> 1hge15z9d143xscrc1dvjm|6130dd8e, debugUnreturnedConnectionStackTraces -> false, description -> null, driverClass -> org.gjt.mm.mysql.Driver, factoryClassLocation -> null, forceIgnoreUnresolvedTransactions -> false, identityToken -> 1hge15z9d143xscrc1dvjm|6130dd8e, idleConnectionTestPeriod -> 0, initialPoolSize -> 10, jdbcUrl -> jdbc:mysql://localhost:3306/mldn, maxAdministrativeTaskTime -> 0, maxConnectionAge -> 0, maxIdleTime -> 20, maxIdleTimeExcessConnections -> 0, maxPoolSize -> 1, maxStatements -> 0, maxStatementsPerConnection -> 0, minPoolSize -> 1, numHelperThreads -> 3, numThreadsAwaitingCheckoutDefaultUser -> 0, preferredTestQuery -> null, properties -> {user=******, password=******}, propertyCycle -> 0, testConnectionOnCheckin -> false, testConnectionOnCheckout -> false, unreturnedConnectionTimeout -> 0, usesTraditionalReflectiveProxies -> false ]
2015-12-11 18:20:41,835 DEBUG [cn.mldn.vo.mapping.NewsNS.findAllSplit] - ooo Using Connection [com.mchange.v2.c3p0.impl.NewProxyConnection@1ed7419b]
2015-12-11 18:20:41,844 DEBUG [cn.mldn.vo.mapping.NewsNS.findAllSplit] - ==>  Preparing: SELECT nid,title,pub_date,content FROM news WHERE title LIKE ? LIMIT ? , ? 
2015-12-11 18:20:41,891 DEBUG [cn.mldn.vo.mapping.NewsNS.findAllSplit] - ==> Parameters: %%(String), 0(Integer), 3(Integer)
2015-12-11 18:20:41,919 TRACE [cn.mldn.vo.mapping.NewsNS.findAllSplit] - <==    Columns: nid, title, pub_date, content
2015-12-11 18:20:41,925 TRACE [cn.mldn.vo.mapping.NewsNS.findAllSplit] - <==        Row: 1, MyBatis很重要, 2015-12-11, <<BLOB>>
2015-12-11 18:20:41,927 TRACE [cn.mldn.vo.mapping.NewsNS.findAllSplit] - <==        Row: 2, MyBatis很重要, 2015-12-11, <<BLOB>>
2015-12-11 18:20:41,927 TRACE [cn.mldn.vo.mapping.NewsNS.findAllSplit] - <==        Row: 3, MyBatis很重要, 2015-12-11, <<BLOB>>
2015-12-11 18:20:41,927 DEBUG [cn.mldn.vo.mapping.NewsNS.findAllSplit] - <==      Total: 3
