2017-08-30 10:09:12,318 INFO [org.lyk.main.Hello] - //Main Done
2017-08-30 10:09:47,695 DEBUG [org.lyk.vo.mapping.MemberNS.doCreateStudent] - ooo Using Connection [com.mysql.jdbc.JDBC4Connection@35886ba1]
2017-08-30 10:09:47,696 DEBUG [org.lyk.vo.mapping.MemberNS.doCreateStudent] - ==>  Preparing: INSERT INTO MEMBER(MID,NAME,AGE,SCHOOL,SCORE,FLAG) VALUES(?,?,?,?,?,'学生'); 
2017-08-30 10:09:47,781 DEBUG [org.lyk.vo.mapping.MemberNS.doCreateStudent] - ==> Parameters: 21591925(String), 远奎(String), 19(Integer), 重庆大学(String), 99.5(Double)
2017-08-30 10:09:58,962 DEBUG [org.lyk.vo.mapping.MemberNS.doCreateStudent] - ooo Using Connection [com.mysql.jdbc.JDBC4Connection@42aa3910]
2017-08-30 10:09:58,963 DEBUG [org.lyk.vo.mapping.MemberNS.doCreateStudent] - ==>  Preparing: INSERT INTO MEMBER(MID,NAME,AGE,SCHOOL,SCORE,FLAG) VALUES(?,?,?,?,?,'学生'); 
2017-08-30 10:09:59,060 DEBUG [org.lyk.vo.mapping.MemberNS.doCreateStudent] - ==> Parameters: 21591926(String), 远奎(String), 19(Integer), 重庆大学(String), 99.5(Double)
2017-08-30 10:09:59,062 DEBUG [org.lyk.vo.mapping.MemberNS.doCreateStudent] - <==    Updates: 1
2017-08-30 10:09:59,075 INFO [org.lyk.main.Hello] - //Main Done
2017-08-30 10:10:16,159 DEBUG [org.apache.ibatis.logging.LogFactory] - Logging initialized using 'class org.apache.ibatis.logging.slf4j.Slf4jImpl' adapter.
2017-08-30 10:10:16,194 DEBUG [org.apache.ibatis.datasource.pooled.PooledDataSource] - PooledDataSource forcefully closed/removed all connections.
2017-08-30 10:10:16,194 DEBUG [org.apache.ibatis.datasource.pooled.PooledDataSource] - PooledDataSource forcefully closed/removed all connections.
2017-08-30 10:10:16,194 DEBUG [org.apache.ibatis.datasource.pooled.PooledDataSource] - PooledDataSource forcefully closed/removed all connections.
2017-08-30 10:10:16,194 DEBUG [org.apache.ibatis.datasource.pooled.PooledDataSource] - PooledDataSource forcefully closed/removed all connections.
2017-08-30 10:10:16,400 DEBUG [org.apache.ibatis.transaction.jdbc.JdbcTransaction] - Opening JDBC Connection
2017-08-30 10:10:16,794 DEBUG [org.apache.ibatis.datasource.pooled.PooledDataSource] - Created connection 733603128.
2017-08-30 10:10:16,795 DEBUG [org.apache.ibatis.transaction.jdbc.JdbcTransaction] - Setting autocommit to false on JDBC Connection [com.mysql.jdbc.JDBC4Connection@2bb9e538]
2017-08-30 10:10:16,797 DEBUG [org.lyk.vo.mapping.MemberNS.doCreateStudent] - ooo Using Connection [com.mysql.jdbc.JDBC4Connection@2bb9e538]
2017-08-30 10:10:16,797 DEBUG [org.lyk.vo.mapping.MemberNS.doCreateStudent] - ==>  Preparing: INSERT INTO MEMBER(MID,NAME,AGE,SCHOOL,SCORE,FLAG) VALUES(?,?,?,?,?,'学生'); 
2017-08-30 10:10:16,881 DEBUG [org.lyk.vo.mapping.MemberNS.doCreateStudent] - ==> Parameters: 21591927(String), 远奎(String), 19(Integer), 重庆大学(String), 99.5(Double)
2017-08-30 10:10:16,882 DEBUG [org.lyk.vo.mapping.MemberNS.doCreateStudent] - <==    Updates: 1
2017-08-30 10:10:16,882 DEBUG [org.apache.ibatis.transaction.jdbc.JdbcTransaction] - Committing JDBC Connection [com.mysql.jdbc.JDBC4Connection@2bb9e538]
2017-08-30 10:10:16,886 DEBUG [org.apache.ibatis.transaction.jdbc.JdbcTransaction] - Resetting autocommit to true on JDBC Connection [com.mysql.jdbc.JDBC4Connection@2bb9e538]
2017-08-30 10:10:16,887 DEBUG [org.apache.ibatis.transaction.jdbc.JdbcTransaction] - Closing JDBC Connection [com.mysql.jdbc.JDBC4Connection@2bb9e538]
2017-08-30 10:10:16,888 DEBUG [org.apache.ibatis.datasource.pooled.PooledDataSource] - Returned connection 733603128 to pool.
2017-08-30 10:10:16,888 INFO [org.lyk.main.Hello] - //Main Done
2017-08-30 10:16:38,220 DEBUG [org.apache.ibatis.logging.LogFactory] - Logging initialized using 'class org.apache.ibatis.logging.slf4j.Slf4jImpl' adapter.
2017-08-30 10:16:38,250 DEBUG [org.apache.ibatis.datasource.pooled.PooledDataSource] - PooledDataSource forcefully closed/removed all connections.
2017-08-30 10:16:38,250 DEBUG [org.apache.ibatis.datasource.pooled.PooledDataSource] - PooledDataSource forcefully closed/removed all connections.
2017-08-30 10:16:38,250 DEBUG [org.apache.ibatis.datasource.pooled.PooledDataSource] - PooledDataSource forcefully closed/removed all connections.
2017-08-30 10:16:38,251 DEBUG [org.apache.ibatis.datasource.pooled.PooledDataSource] - PooledDataSource forcefully closed/removed all connections.
2017-08-30 10:16:38,455 DEBUG [org.apache.ibatis.transaction.jdbc.JdbcTransaction] - Opening JDBC Connection
2017-08-30 10:16:38,856 DEBUG [org.apache.ibatis.datasource.pooled.PooledDataSource] - Created connection 1786766668.
2017-08-30 10:16:38,856 DEBUG [org.apache.ibatis.transaction.jdbc.JdbcTransaction] - Setting autocommit to false on JDBC Connection [com.mysql.jdbc.JDBC4Connection@6a7fe54c]
2017-08-30 10:16:38,859 DEBUG [org.lyk.vo.mapping.MemberNS.doCreateStudent] - ooo Using Connection [com.mysql.jdbc.JDBC4Connection@6a7fe54c]
2017-08-30 10:16:38,859 DEBUG [org.lyk.vo.mapping.MemberNS.doCreateStudent] - ==>  Preparing: INSERT INTO MEMBER(MID,NAME,AGE,SCHOOL,SCORE,FLAG) VALUES(?,?,?,?,?,?); 
2017-08-30 10:16:38,947 DEBUG [org.lyk.vo.mapping.MemberNS.doCreateStudent] - ==> Parameters: 21591928(String), 远奎(String), 19(Integer), 重庆大学(String), 99.5(Double), 学生(String)
2017-08-30 10:16:38,950 DEBUG [org.lyk.vo.mapping.MemberNS.doCreateStudent] - <==    Updates: 1
2017-08-30 10:16:38,951 DEBUG [org.apache.ibatis.transaction.jdbc.JdbcTransaction] - Committing JDBC Connection [com.mysql.jdbc.JDBC4Connection@6a7fe54c]
2017-08-30 10:16:38,953 DEBUG [org.apache.ibatis.transaction.jdbc.JdbcTransaction] - Resetting autocommit to true on JDBC Connection [com.mysql.jdbc.JDBC4Connection@6a7fe54c]
2017-08-30 10:16:38,953 DEBUG [org.apache.ibatis.transaction.jdbc.JdbcTransaction] - Closing JDBC Connection [com.mysql.jdbc.JDBC4Connection@6a7fe54c]
2017-08-30 10:16:38,953 DEBUG [org.apache.ibatis.datasource.pooled.PooledDataSource] - Returned connection 1786766668 to pool.
2017-08-30 10:16:38,953 INFO [org.lyk.main.Hello] - //Main Done
2017-08-30 10:19:48,940 DEBUG [org.apache.ibatis.logging.LogFactory] - Logging initialized using 'class org.apache.ibatis.logging.slf4j.Slf4jImpl' adapter.
2017-08-30 10:19:48,980 DEBUG [org.apache.ibatis.datasource.pooled.PooledDataSource] - PooledDataSource forcefully closed/removed all connections.
2017-08-30 10:19:48,980 DEBUG [org.apache.ibatis.datasource.pooled.PooledDataSource] - PooledDataSource forcefully closed/removed all connections.
2017-08-30 10:19:48,980 DEBUG [org.apache.ibatis.datasource.pooled.PooledDataSource] - PooledDataSource forcefully closed/removed all connections.
2017-08-30 10:19:48,980 DEBUG [org.apache.ibatis.datasource.pooled.PooledDataSource] - PooledDataSource forcefully closed/removed all connections.
2017-08-30 10:19:49,191 DEBUG [org.apache.ibatis.transaction.jdbc.JdbcTransaction] - Opening JDBC Connection
2017-08-30 10:19:49,585 DEBUG [org.apache.ibatis.datasource.pooled.PooledDataSource] - Created connection 1850027023.
2017-08-30 10:19:49,585 DEBUG [org.apache.ibatis.transaction.jdbc.JdbcTransaction] - Setting autocommit to false on JDBC Connection [com.mysql.jdbc.JDBC4Connection@6e452c0f]
2017-08-30 10:19:49,588 DEBUG [org.lyk.vo.mapping.MemberNS.doCreateWorker] - ooo Using Connection [com.mysql.jdbc.JDBC4Connection@6e452c0f]
2017-08-30 10:19:49,589 DEBUG [org.lyk.vo.mapping.MemberNS.doCreateWorker] - ==>  Preparing: INSERT INTO MEMBER(MID,NAME,AGE,SCHOOL,COMPANY,SALARY) VALUES(?,?,?,?,?,'工人'); 
2017-08-30 10:19:49,682 DEBUG [org.lyk.vo.mapping.MemberNS.doCreateWorker] - ==> Parameters: 21591930(String), 加爵(String), 35(Integer), 云南大学(String), 9963.3(Double)
2017-08-30 10:20:31,672 DEBUG [org.apache.ibatis.logging.LogFactory] - Logging initialized using 'class org.apache.ibatis.logging.slf4j.Slf4jImpl' adapter.
2017-08-30 10:20:31,703 DEBUG [org.apache.ibatis.datasource.pooled.PooledDataSource] - PooledDataSource forcefully closed/removed all connections.
2017-08-30 10:20:31,703 DEBUG [org.apache.ibatis.datasource.pooled.PooledDataSource] - PooledDataSource forcefully closed/removed all connections.
2017-08-30 10:20:31,703 DEBUG [org.apache.ibatis.datasource.pooled.PooledDataSource] - PooledDataSource forcefully closed/removed all connections.
2017-08-30 10:20:31,704 DEBUG [org.apache.ibatis.datasource.pooled.PooledDataSource] - PooledDataSource forcefully closed/removed all connections.
2017-08-30 10:20:31,916 DEBUG [org.apache.ibatis.transaction.jdbc.JdbcTransaction] - Opening JDBC Connection
2017-08-30 10:20:32,318 DEBUG [org.apache.ibatis.datasource.pooled.PooledDataSource] - Created connection 2135934295.
2017-08-30 10:20:32,318 DEBUG [org.apache.ibatis.transaction.jdbc.JdbcTransaction] - Setting autocommit to false on JDBC Connection [com.mysql.jdbc.JDBC4Connection@7f4fc557]
2017-08-30 10:20:32,321 DEBUG [org.lyk.vo.mapping.MemberNS.doCreateWorker] - ooo Using Connection [com.mysql.jdbc.JDBC4Connection@7f4fc557]
2017-08-30 10:20:32,322 DEBUG [org.lyk.vo.mapping.MemberNS.doCreateWorker] - ==>  Preparing: INSERT INTO MEMBER(MID,NAME,AGE,SCHOOL,COMPANY,SALARY) VALUES(?,?,?,?,?,'工人'); 
2017-08-30 10:20:32,407 DEBUG [org.lyk.vo.mapping.MemberNS.doCreateWorker] - ==> Parameters: 21591930(String), 加爵(String), 35(Integer), 云南大学(String), 93.3(Double)
2017-08-30 10:22:03,636 DEBUG [org.apache.ibatis.logging.LogFactory] - Logging initialized using 'class org.apache.ibatis.logging.slf4j.Slf4jImpl' adapter.
2017-08-30 10:22:03,667 DEBUG [org.apache.ibatis.datasource.pooled.PooledDataSource] - PooledDataSource forcefully closed/removed all connections.
2017-08-30 10:22:03,667 DEBUG [org.apache.ibatis.datasource.pooled.PooledDataSource] - PooledDataSource forcefully closed/removed all connections.
2017-08-30 10:22:03,667 DEBUG [org.apache.ibatis.datasource.pooled.PooledDataSource] - PooledDataSource forcefully closed/removed all connections.
2017-08-30 10:22:03,667 DEBUG [org.apache.ibatis.datasource.pooled.PooledDataSource] - PooledDataSource forcefully closed/removed all connections.
2017-08-30 10:22:03,864 DEBUG [org.apache.ibatis.transaction.jdbc.JdbcTransaction] - Opening JDBC Connection
2017-08-30 10:22:04,247 DEBUG [org.apache.ibatis.datasource.pooled.PooledDataSource] - Created connection 2135934295.
2017-08-30 10:22:04,248 DEBUG [org.apache.ibatis.transaction.jdbc.JdbcTransaction] - Setting autocommit to false on JDBC Connection [com.mysql.jdbc.JDBC4Connection@7f4fc557]
2017-08-30 10:22:04,250 DEBUG [org.lyk.vo.mapping.MemberNS.doCreateWorker] - ooo Using Connection [com.mysql.jdbc.JDBC4Connection@7f4fc557]
2017-08-30 10:22:04,251 DEBUG [org.lyk.vo.mapping.MemberNS.doCreateWorker] - ==>  Preparing: INSERT INTO MEMBER(MID,NAME,AGE,SCHOOL,COMPANY,SALARY,FLAG) VALUES(?,?,?,?,?,'工人'); 
2017-08-30 10:22:04,331 DEBUG [org.lyk.vo.mapping.MemberNS.doCreateWorker] - ==> Parameters: 21591930(String), 加爵(String), 35(Integer), 云南大学(String), 93.3(Double)
2017-08-30 10:22:44,451 DEBUG [org.apache.ibatis.logging.LogFactory] - Logging initialized using 'class org.apache.ibatis.logging.slf4j.Slf4jImpl' adapter.
2017-08-30 10:22:44,485 DEBUG [org.apache.ibatis.datasource.pooled.PooledDataSource] - PooledDataSource forcefully closed/removed all connections.
2017-08-30 10:22:44,486 DEBUG [org.apache.ibatis.datasource.pooled.PooledDataSource] - PooledDataSource forcefully closed/removed all connections.
2017-08-30 10:22:44,486 DEBUG [org.apache.ibatis.datasource.pooled.PooledDataSource] - PooledDataSource forcefully closed/removed all connections.
2017-08-30 10:22:44,486 DEBUG [org.apache.ibatis.datasource.pooled.PooledDataSource] - PooledDataSource forcefully closed/removed all connections.
2017-08-30 10:22:44,710 DEBUG [org.apache.ibatis.transaction.jdbc.JdbcTransaction] - Opening JDBC Connection
2017-08-30 10:22:45,108 DEBUG [org.apache.ibatis.datasource.pooled.PooledDataSource] - Created connection 2135934295.
2017-08-30 10:22:45,109 DEBUG [org.apache.ibatis.transaction.jdbc.JdbcTransaction] - Setting autocommit to false on JDBC Connection [com.mysql.jdbc.JDBC4Connection@7f4fc557]
2017-08-30 10:22:45,111 DEBUG [org.lyk.vo.mapping.MemberNS.doCreateWorker] - ooo Using Connection [com.mysql.jdbc.JDBC4Connection@7f4fc557]
2017-08-30 10:22:45,112 DEBUG [org.lyk.vo.mapping.MemberNS.doCreateWorker] - ==>  Preparing: INSERT INTO MEMBER(MID,NAME,AGE,COMPANY,SALARY,FLAG) VALUES(?,?,?,?,?,'工人'); 
2017-08-30 10:22:45,210 DEBUG [org.lyk.vo.mapping.MemberNS.doCreateWorker] - ==> Parameters: 21591930(String), 加爵(String), 35(Integer), 云南大学(String), 93.3(Double)
2017-08-30 10:22:45,212 DEBUG [org.lyk.vo.mapping.MemberNS.doCreateWorker] - <==    Updates: 1
2017-08-30 10:22:45,213 DEBUG [org.apache.ibatis.transaction.jdbc.JdbcTransaction] - Committing JDBC Connection [com.mysql.jdbc.JDBC4Connection@7f4fc557]
2017-08-30 10:22:45,215 DEBUG [org.apache.ibatis.transaction.jdbc.JdbcTransaction] - Resetting autocommit to true on JDBC Connection [com.mysql.jdbc.JDBC4Connection@7f4fc557]
2017-08-30 10:22:45,216 DEBUG [org.apache.ibatis.transaction.jdbc.JdbcTransaction] - Closing JDBC Connection [com.mysql.jdbc.JDBC4Connection@7f4fc557]
2017-08-30 10:22:45,216 DEBUG [org.apache.ibatis.datasource.pooled.PooledDataSource] - Returned connection 2135934295 to pool.
2017-08-30 10:22:45,217 INFO [org.lyk.main.Hello] - //Main Done
2017-08-30 10:31:26,105 DEBUG [org.apache.ibatis.logging.LogFactory] - Logging initialized using 'class org.apache.ibatis.logging.slf4j.Slf4jImpl' adapter.
2017-08-30 10:31:26,136 DEBUG [org.apache.ibatis.datasource.pooled.PooledDataSource] - PooledDataSource forcefully closed/removed all connections.
2017-08-30 10:31:26,137 DEBUG [org.apache.ibatis.datasource.pooled.PooledDataSource] - PooledDataSource forcefully closed/removed all connections.
2017-08-30 10:31:26,137 DEBUG [org.apache.ibatis.datasource.pooled.PooledDataSource] - PooledDataSource forcefully closed/removed all connections.
2017-08-30 10:31:26,137 DEBUG [org.apache.ibatis.datasource.pooled.PooledDataSource] - PooledDataSource forcefully closed/removed all connections.
2017-08-30 10:31:26,366 DEBUG [org.apache.ibatis.transaction.jdbc.JdbcTransaction] - Opening JDBC Connection
2017-08-30 10:31:26,786 DEBUG [org.apache.ibatis.datasource.pooled.PooledDataSource] - Created connection 404060973.
2017-08-30 10:31:26,786 DEBUG [org.apache.ibatis.transaction.jdbc.JdbcTransaction] - Setting autocommit to false on JDBC Connection [com.mysql.jdbc.JDBC4Connection@18157b2d]
2017-08-30 10:31:26,789 DEBUG [org.lyk.vo.mapping.MemberNS.findById] - ooo Using Connection [com.mysql.jdbc.JDBC4Connection@18157b2d]
2017-08-30 10:31:26,790 DEBUG [org.lyk.vo.mapping.MemberNS.findById] - ==>  Preparing: SELECT MID,NAME,AGE,SCHOOL,SCORE,COMPANY,SALARY,FLAG FROM MEMBER WHERE mid=? 
2017-08-30 10:31:26,875 DEBUG [org.lyk.vo.mapping.MemberNS.findById] - ==> Parameters: 21591923(String)
2017-08-30 10:33:09,585 DEBUG [org.apache.ibatis.logging.LogFactory] - Logging initialized using 'class org.apache.ibatis.logging.slf4j.Slf4jImpl' adapter.
2017-08-30 10:33:09,617 DEBUG [org.apache.ibatis.datasource.pooled.PooledDataSource] - PooledDataSource forcefully closed/removed all connections.
2017-08-30 10:33:09,618 DEBUG [org.apache.ibatis.datasource.pooled.PooledDataSource] - PooledDataSource forcefully closed/removed all connections.
2017-08-30 10:33:09,618 DEBUG [org.apache.ibatis.datasource.pooled.PooledDataSource] - PooledDataSource forcefully closed/removed all connections.
2017-08-30 10:33:09,618 DEBUG [org.apache.ibatis.datasource.pooled.PooledDataSource] - PooledDataSource forcefully closed/removed all connections.
2017-08-30 10:33:09,844 DEBUG [org.apache.ibatis.transaction.jdbc.JdbcTransaction] - Opening JDBC Connection
2017-08-30 10:33:10,264 DEBUG [org.apache.ibatis.datasource.pooled.PooledDataSource] - Created connection 591997132.
2017-08-30 10:33:10,265 DEBUG [org.apache.ibatis.transaction.jdbc.JdbcTransaction] - Setting autocommit to false on JDBC Connection [com.mysql.jdbc.JDBC4Connection@234928cc]
2017-08-30 10:33:10,268 DEBUG [org.lyk.vo.mapping.MemberNS.findById] - ooo Using Connection [com.mysql.jdbc.JDBC4Connection@234928cc]
2017-08-30 10:33:10,268 DEBUG [org.lyk.vo.mapping.MemberNS.findById] - ==>  Preparing: SELECT MID,NAME,AGE,SCHOOL,SCORE,COMPANY,SALARY,FLAG FROM MEMBER WHERE mid=? 
2017-08-30 10:33:10,352 DEBUG [org.lyk.vo.mapping.MemberNS.findById] - ==> Parameters: 21591923(String)
2017-08-30 10:33:10,413 TRACE [org.lyk.vo.mapping.MemberNS.findById] - <==    Columns: MID, NAME, AGE, SCHOOL, SCORE, COMPANY, SALARY, FLAG
2017-08-30 10:33:10,414 TRACE [org.lyk.vo.mapping.MemberNS.findById] - <==        Row: 21591923, 远奎, 19, 重庆大学, 99.5, null, null, 学生
2017-08-30 10:33:10,416 DEBUG [org.lyk.vo.mapping.MemberNS.findById] - <==      Total: 1
2017-08-30 10:33:10,431 DEBUG [org.apache.ibatis.transaction.jdbc.JdbcTransaction] - Resetting autocommit to true on JDBC Connection [com.mysql.jdbc.JDBC4Connection@234928cc]
2017-08-30 10:33:10,431 DEBUG [org.apache.ibatis.transaction.jdbc.JdbcTransaction] - Closing JDBC Connection [com.mysql.jdbc.JDBC4Connection@234928cc]
2017-08-30 10:33:10,431 DEBUG [org.apache.ibatis.datasource.pooled.PooledDataSource] - Returned connection 591997132 to pool.
2017-08-30 10:33:10,432 INFO [org.lyk.main.Hello] - //Main Done
