2015-12-11 10:46:05,946 DEBUG [cn.mldn.vo.mapping.NewsNS.doCreate] - ooo Using Connection [com.mysql.jdbc.Connection@25bf26fe]
2015-12-11 10:46:05,947 DEBUG [cn.mldn.vo.mapping.NewsNS.doCreate] - ==>  Preparing: INSERT INTO news(title,pub_date,content) VALUES (?,?,?) 
2015-12-11 10:46:06,012 DEBUG [cn.mldn.vo.mapping.NewsNS.doCreate] - ==> Parameters: 欢迎访问www.mldn.cn(String), 2015-12-11 10:46:05.73(Timestamp), 世界和平，大家快乐！(String)
2015-12-11 10:46:06,014 DEBUG [cn.mldn.vo.mapping.NewsNS.doCreate] - <==    Updates: 1
2015-12-11 10:47:39,229 DEBUG [cn.mldn.vo.mapping.NewsNS.doCreate] - ooo Using Connection [com.mysql.jdbc.Connection@25bf26fe]
2015-12-11 10:47:39,230 DEBUG [cn.mldn.vo.mapping.NewsNS.doCreate] - ==>  Preparing: INSERT INTO news(title,pub_date,content) VALUES (?,?,?) 
2015-12-11 10:47:39,295 DEBUG [cn.mldn.vo.mapping.NewsNS.doCreate] - ==> Parameters: 欢迎访问www.mldn.cn(String), 2015-12-11 10:47:39.012(Timestamp), 世界和平，大家快乐！(String)
2015-12-11 10:47:39,297 DEBUG [cn.mldn.vo.mapping.NewsNS.doCreate] - <==    Updates: 1
2015-12-11 11:15:40,914 DEBUG [cn.mldn.vo.mapping.NewsNS.doUpdate] - ooo Using Connection [com.mysql.jdbc.Connection@18cf4c9c]
2015-12-11 11:15:40,915 DEBUG [cn.mldn.vo.mapping.NewsNS.doUpdate] - ==>  Preparing: UPDATE news SET title=?,pub_date=?,content=? WHERE nid=2 
2015-12-11 11:15:40,979 DEBUG [cn.mldn.vo.mapping.NewsNS.doUpdate] - ==> Parameters: 周末愉快(String), 2015-12-11 11:15:40.221(Timestamp), 出来混总归是要还的，贪玩也总归是要还的。(String)
2015-12-11 11:15:40,996 DEBUG [cn.mldn.vo.mapping.NewsNS.doUpdate] - <==    Updates: 1
2015-12-11 11:18:51,900 DEBUG [cn.mldn.vo.mapping.NewsNS.doUpdate] - ooo Using Connection [com.mysql.jdbc.Connection@202de670]
2015-12-11 11:18:51,901 DEBUG [cn.mldn.vo.mapping.NewsNS.doUpdate] - ==>  Preparing: UPDATE news SET title=?,pub_date=?,content=? WHERE nid=3 
2015-12-11 11:18:51,965 DEBUG [cn.mldn.vo.mapping.NewsNS.doUpdate] - ==> Parameters: 周末愉快(String), 2015-12-11 11:18:51.226(Timestamp), 出来混总归是要还的，贪玩也总归是要还的。(String)
2015-12-11 11:18:51,998 DEBUG [cn.mldn.vo.mapping.NewsNS.doUpdate] - <==    Updates: 1
2015-12-11 11:20:48,466 DEBUG [cn.mldn.vo.mapping.NewsNS.doCreate] - ooo Using Connection [com.mysql.jdbc.Connection@25bf26fe]
2015-12-11 11:20:48,468 DEBUG [cn.mldn.vo.mapping.NewsNS.doCreate] - ==>  Preparing: INSERT INTO news(title,pub_date,content) VALUES (?,?,?) 
2015-12-11 11:20:48,544 DEBUG [cn.mldn.vo.mapping.NewsNS.doCreate] - ==> Parameters: 欢迎访问www.mldn.cn(String), 2015-12-11 11:20:47.863(Timestamp), 世界和平，大家快乐！(String)
2015-12-11 11:20:48,588 DEBUG [cn.mldn.vo.mapping.NewsNS.doCreate] - <==    Updates: 1
2015-12-11 11:20:48,781 DEBUG [cn.mldn.vo.mapping.NewsNS.doCreate] - ooo Using Connection [com.mysql.jdbc.Connection@2899010e]
2015-12-11 11:20:48,783 DEBUG [cn.mldn.vo.mapping.NewsNS.doCreate] - ==>  Preparing: INSERT INTO news(title,pub_date,content) VALUES (?,?,?) 
2015-12-11 11:20:48,868 DEBUG [cn.mldn.vo.mapping.NewsNS.doCreate] - ==> Parameters: 欢迎访问www.mldn.cn(String), 2015-12-11 11:20:48.345(Timestamp), 世界和平，大家快乐！(String)
2015-12-11 11:20:48,875 DEBUG [cn.mldn.vo.mapping.NewsNS.doCreate] - <==    Updates: 1
2015-12-11 11:20:48,970 DEBUG [cn.mldn.vo.mapping.NewsNS.doCreate] - ooo Using Connection [com.mysql.jdbc.Connection@25bf26fe]
2015-12-11 11:20:48,974 DEBUG [cn.mldn.vo.mapping.NewsNS.doCreate] - ==>  Preparing: INSERT INTO news(title,pub_date,content) VALUES (?,?,?) 
2015-12-11 11:20:49,030 DEBUG [cn.mldn.vo.mapping.NewsNS.doCreate] - ooo Using Connection [com.mysql.jdbc.Connection@25bf26fe]
2015-12-11 11:20:49,033 DEBUG [cn.mldn.vo.mapping.NewsNS.doCreate] - ==>  Preparing: INSERT INTO news(title,pub_date,content) VALUES (?,?,?) 
2015-12-11 11:20:49,070 DEBUG [cn.mldn.vo.mapping.NewsNS.doCreate] - ==> Parameters: 欢迎访问www.mldn.cn(String), 2015-12-11 11:20:48.609(Timestamp), 世界和平，大家快乐！(String)
2015-12-11 11:20:49,077 DEBUG [cn.mldn.vo.mapping.NewsNS.doCreate] - <==    Updates: 1
2015-12-11 11:20:49,114 DEBUG [cn.mldn.vo.mapping.NewsNS.doCreate] - ==> Parameters: 欢迎访问www.mldn.cn(String), 2015-12-11 11:20:48.742(Timestamp), 世界和平，大家快乐！(String)
2015-12-11 11:20:49,115 DEBUG [cn.mldn.vo.mapping.NewsNS.doCreate] - <==    Updates: 1
2015-12-11 11:20:51,545 DEBUG [cn.mldn.vo.mapping.NewsNS.doCreate] - ooo Using Connection [com.mysql.jdbc.Connection@2899010e]
2015-12-11 11:20:51,547 DEBUG [cn.mldn.vo.mapping.NewsNS.doCreate] - ==>  Preparing: INSERT INTO news(title,pub_date,content) VALUES (?,?,?) 
2015-12-11 11:20:51,701 DEBUG [cn.mldn.vo.mapping.NewsNS.doCreate] - ==> Parameters: 欢迎访问www.mldn.cn(String), 2015-12-11 11:20:50.697(Timestamp), 世界和平，大家快乐！(String)
2015-12-11 11:20:51,702 DEBUG [cn.mldn.vo.mapping.NewsNS.doCreate] - <==    Updates: 1
2015-12-11 11:20:51,775 DEBUG [cn.mldn.vo.mapping.NewsNS.doCreate] - ooo Using Connection [com.mysql.jdbc.Connection@25bf26fe]
2015-12-11 11:20:51,777 DEBUG [cn.mldn.vo.mapping.NewsNS.doCreate] - ==>  Preparing: INSERT INTO news(title,pub_date,content) VALUES (?,?,?) 
2015-12-11 11:20:51,848 DEBUG [cn.mldn.vo.mapping.NewsNS.doCreate] - ==> Parameters: 欢迎访问www.mldn.cn(String), 2015-12-11 11:20:50.931(Timestamp), 世界和平，大家快乐！(String)
2015-12-11 11:20:51,849 DEBUG [cn.mldn.vo.mapping.NewsNS.doCreate] - <==    Updates: 1
2015-12-11 11:20:51,941 DEBUG [cn.mldn.vo.mapping.NewsNS.doCreate] - ooo Using Connection [com.mysql.jdbc.Connection@25bf26fe]
2015-12-11 11:20:51,942 DEBUG [cn.mldn.vo.mapping.NewsNS.doCreate] - ==>  Preparing: INSERT INTO news(title,pub_date,content) VALUES (?,?,?) 
2015-12-11 11:20:52,023 DEBUG [cn.mldn.vo.mapping.NewsNS.doCreate] - ==> Parameters: 欢迎访问www.mldn.cn(String), 2015-12-11 11:20:51.139(Timestamp), 世界和平，大家快乐！(String)
2015-12-11 11:20:52,027 DEBUG [cn.mldn.vo.mapping.NewsNS.doCreate] - <==    Updates: 1
2015-12-11 11:20:52,029 DEBUG [cn.mldn.vo.mapping.NewsNS.doCreate] - ooo Using Connection [com.mysql.jdbc.Connection@5f104764]
2015-12-11 11:20:52,031 DEBUG [cn.mldn.vo.mapping.NewsNS.doCreate] - ==>  Preparing: INSERT INTO news(title,pub_date,content) VALUES (?,?,?) 
2015-12-11 11:20:52,131 DEBUG [cn.mldn.vo.mapping.NewsNS.doCreate] - ==> Parameters: 欢迎访问www.mldn.cn(String), 2015-12-11 11:20:51.211(Timestamp), 世界和平，大家快乐！(String)
2015-12-11 11:20:52,136 DEBUG [cn.mldn.vo.mapping.NewsNS.doCreate] - <==    Updates: 1
2015-12-11 11:20:52,157 DEBUG [cn.mldn.vo.mapping.NewsNS.doCreate] - ooo Using Connection [com.mysql.jdbc.Connection@5f104764]
2015-12-11 11:20:52,158 DEBUG [cn.mldn.vo.mapping.NewsNS.doCreate] - ==>  Preparing: INSERT INTO news(title,pub_date,content) VALUES (?,?,?) 
2015-12-11 11:20:52,298 DEBUG [cn.mldn.vo.mapping.NewsNS.doCreate] - ooo Using Connection [com.mysql.jdbc.Connection@2899010e]
2015-12-11 11:20:52,300 DEBUG [cn.mldn.vo.mapping.NewsNS.doCreate] - ==>  Preparing: INSERT INTO news(title,pub_date,content) VALUES (?,?,?) 
2015-12-11 11:20:52,311 DEBUG [cn.mldn.vo.mapping.NewsNS.doCreate] - ==> Parameters: 欢迎访问www.mldn.cn(String), 2015-12-11 11:20:51.448(Timestamp), 世界和平，大家快乐！(String)
2015-12-11 11:20:52,313 DEBUG [cn.mldn.vo.mapping.NewsNS.doCreate] - <==    Updates: 1
2015-12-11 11:20:52,350 DEBUG [cn.mldn.vo.mapping.NewsNS.doCreate] - ooo Using Connection [com.mysql.jdbc.Connection@5f104764]
2015-12-11 11:20:52,351 DEBUG [cn.mldn.vo.mapping.NewsNS.doCreate] - ==>  Preparing: INSERT INTO news(title,pub_date,content) VALUES (?,?,?) 
2015-12-11 11:20:52,437 DEBUG [cn.mldn.vo.mapping.NewsNS.doCreate] - ==> Parameters: 欢迎访问www.mldn.cn(String), 2015-12-11 11:20:51.572(Timestamp), 世界和平，大家快乐！(String)
2015-12-11 11:20:52,458 DEBUG [cn.mldn.vo.mapping.NewsNS.doCreate] - ==> Parameters: 欢迎访问www.mldn.cn(String), 2015-12-11 11:20:51.402(Timestamp), 世界和平，大家快乐！(String)
2015-12-11 11:20:52,459 DEBUG [cn.mldn.vo.mapping.NewsNS.doCreate] - <==    Updates: 1
2015-12-11 11:20:52,461 DEBUG [cn.mldn.vo.mapping.NewsNS.doCreate] - <==    Updates: 1
2015-12-11 11:21:05,801 DEBUG [cn.mldn.vo.mapping.NewsNS.doCreate] - ooo Using Connection [com.mysql.jdbc.Connection@6ef3cd97]
2015-12-11 11:21:05,804 DEBUG [cn.mldn.vo.mapping.NewsNS.doCreate] - ==>  Preparing: INSERT INTO news(title,pub_date,content) VALUES (?,?,?) 
2015-12-11 11:21:05,914 DEBUG [cn.mldn.vo.mapping.NewsNS.doCreate] - ooo Using Connection [com.mysql.jdbc.Connection@6ef3cd97]
2015-12-11 11:21:05,917 DEBUG [cn.mldn.vo.mapping.NewsNS.doCreate] - ==>  Preparing: INSERT INTO news(title,pub_date,content) VALUES (?,?,?) 
2015-12-11 11:21:05,983 DEBUG [cn.mldn.vo.mapping.NewsNS.doCreate] - ==> Parameters: 欢迎访问www.mldn.cn(String), 2015-12-11 11:21:04.597(Timestamp), 世界和平，大家快乐！ - 1449804064596(String)
2015-12-11 11:21:06,020 DEBUG [cn.mldn.vo.mapping.NewsNS.doCreate] - <==    Updates: 1
2015-12-11 11:21:06,025 DEBUG [cn.mldn.vo.mapping.NewsNS.doCreate] - ==> Parameters: 欢迎访问www.mldn.cn(String), 2015-12-11 11:21:04.601(Timestamp), 世界和平，大家快乐！ - 1449804064598(String)
2015-12-11 11:21:06,026 DEBUG [cn.mldn.vo.mapping.NewsNS.doCreate] - <==    Updates: 1
2015-12-11 11:21:07,032 DEBUG [cn.mldn.vo.mapping.NewsNS.doCreate] - ooo Using Connection [com.mysql.jdbc.Connection@71ac6d5]
2015-12-11 11:21:07,034 DEBUG [cn.mldn.vo.mapping.NewsNS.doCreate] - ==>  Preparing: INSERT INTO news(title,pub_date,content) VALUES (?,?,?) 
2015-12-11 11:21:07,142 DEBUG [cn.mldn.vo.mapping.NewsNS.doCreate] - ==> Parameters: 欢迎访问www.mldn.cn(String), 2015-12-11 11:21:05.498(Timestamp), 世界和平，大家快乐！ - 1449804065497(String)
2015-12-11 11:21:07,143 DEBUG [cn.mldn.vo.mapping.NewsNS.doCreate] - <==    Updates: 1
2015-12-11 11:21:07,281 DEBUG [cn.mldn.vo.mapping.NewsNS.doCreate] - ooo Using Connection [com.mysql.jdbc.Connection@6ef3cd97]
2015-12-11 11:21:07,283 DEBUG [cn.mldn.vo.mapping.NewsNS.doCreate] - ==>  Preparing: INSERT INTO news(title,pub_date,content) VALUES (?,?,?) 
2015-12-11 11:21:07,351 DEBUG [cn.mldn.vo.mapping.NewsNS.doCreate] - ==> Parameters: 欢迎访问www.mldn.cn(String), 2015-12-11 11:21:05.49(Timestamp), 世界和平，大家快乐！ - 1449804065489(String)
2015-12-11 11:21:07,365 DEBUG [cn.mldn.vo.mapping.NewsNS.doCreate] - <==    Updates: 1
2015-12-11 11:21:07,778 DEBUG [cn.mldn.vo.mapping.NewsNS.doCreate] - ooo Using Connection [com.mysql.jdbc.Connection@6ef3cd97]
2015-12-11 11:21:07,779 DEBUG [cn.mldn.vo.mapping.NewsNS.doCreate] - ==>  Preparing: INSERT INTO news(title,pub_date,content) VALUES (?,?,?) 
2015-12-11 11:21:07,857 DEBUG [cn.mldn.vo.mapping.NewsNS.doCreate] - ==> Parameters: 欢迎访问www.mldn.cn(String), 2015-12-11 11:21:05.609(Timestamp), 世界和平，大家快乐！ - 1449804065608(String)
2015-12-11 11:21:07,883 DEBUG [cn.mldn.vo.mapping.NewsNS.doCreate] - <==    Updates: 1
2015-12-11 11:21:07,930 DEBUG [cn.mldn.vo.mapping.NewsNS.doCreate] - ooo Using Connection [com.mysql.jdbc.Connection@6ef3cd97]
2015-12-11 11:21:07,932 DEBUG [cn.mldn.vo.mapping.NewsNS.doCreate] - ==>  Preparing: INSERT INTO news(title,pub_date,content) VALUES (?,?,?) 
2015-12-11 11:21:08,018 DEBUG [cn.mldn.vo.mapping.NewsNS.doCreate] - ooo Using Connection [com.mysql.jdbc.Connection@71ac6d5]
2015-12-11 11:21:08,019 DEBUG [cn.mldn.vo.mapping.NewsNS.doCreate] - ==>  Preparing: INSERT INTO news(title,pub_date,content) VALUES (?,?,?) 
2015-12-11 11:21:08,031 DEBUG [cn.mldn.vo.mapping.NewsNS.doCreate] - ==> Parameters: 欢迎访问www.mldn.cn(String), 2015-12-11 11:21:05.729(Timestamp), 世界和平，大家快乐！ - 1449804065728(String)
2015-12-11 11:21:08,032 DEBUG [cn.mldn.vo.mapping.NewsNS.doCreate] - <==    Updates: 1
2015-12-11 11:21:08,110 DEBUG [cn.mldn.vo.mapping.NewsNS.doCreate] - ==> Parameters: 欢迎访问www.mldn.cn(String), 2015-12-11 11:21:05.718(Timestamp), 世界和平，大家快乐！ - 1449804065717(String)
2015-12-11 11:21:08,126 DEBUG [cn.mldn.vo.mapping.NewsNS.doCreate] - <==    Updates: 1
2015-12-11 11:21:08,131 DEBUG [cn.mldn.vo.mapping.NewsNS.doCreate] - ooo Using Connection [com.mysql.jdbc.Connection@483ead69]
2015-12-11 11:21:08,132 DEBUG [cn.mldn.vo.mapping.NewsNS.doCreate] - ==>  Preparing: INSERT INTO news(title,pub_date,content) VALUES (?,?,?) 
2015-12-11 11:21:08,209 DEBUG [cn.mldn.vo.mapping.NewsNS.doCreate] - ==> Parameters: 欢迎访问www.mldn.cn(String), 2015-12-11 11:21:05.66(Timestamp), 世界和平，大家快乐！ - 1449804065658(String)
2015-12-11 11:21:08,210 DEBUG [cn.mldn.vo.mapping.NewsNS.doCreate] - <==    Updates: 1
2015-12-11 11:21:08,325 DEBUG [cn.mldn.vo.mapping.NewsNS.doCreate] - ooo Using Connection [com.mysql.jdbc.Connection@71ac6d5]
2015-12-11 11:21:08,327 DEBUG [cn.mldn.vo.mapping.NewsNS.doCreate] - ==>  Preparing: INSERT INTO news(title,pub_date,content) VALUES (?,?,?) 
2015-12-11 11:21:08,395 DEBUG [cn.mldn.vo.mapping.NewsNS.doCreate] - ==> Parameters: 欢迎访问www.mldn.cn(String), 2015-12-11 11:21:06.699(Timestamp), 世界和平，大家快乐！ - 1449804066698(String)
2015-12-11 11:21:08,406 DEBUG [cn.mldn.vo.mapping.NewsNS.doCreate] - <==    Updates: 1
2015-12-11 11:21:08,535 DEBUG [cn.mldn.vo.mapping.NewsNS.doCreate] - ooo Using Connection [com.mysql.jdbc.Connection@71ac6d5]
2015-12-11 11:21:08,536 DEBUG [cn.mldn.vo.mapping.NewsNS.doCreate] - ==>  Preparing: INSERT INTO news(title,pub_date,content) VALUES (?,?,?) 
2015-12-11 11:21:08,607 DEBUG [cn.mldn.vo.mapping.NewsNS.doCreate] - ==> Parameters: 欢迎访问www.mldn.cn(String), 2015-12-11 11:21:07.249(Timestamp), 世界和平，大家快乐！ - 1449804067248(String)
2015-12-11 11:21:08,608 DEBUG [cn.mldn.vo.mapping.NewsNS.doCreate] - <==    Updates: 1
2015-12-11 11:21:08,613 DEBUG [cn.mldn.vo.mapping.NewsNS.doCreate] - ooo Using Connection [com.mysql.jdbc.Connection@483ead69]
2015-12-11 11:21:08,614 DEBUG [cn.mldn.vo.mapping.NewsNS.doCreate] - ==>  Preparing: INSERT INTO news(title,pub_date,content) VALUES (?,?,?) 
2015-12-11 11:21:08,688 DEBUG [cn.mldn.vo.mapping.NewsNS.doCreate] - ==> Parameters: 欢迎访问www.mldn.cn(String), 2015-12-11 11:21:07.182(Timestamp), 世界和平，大家快乐！ - 1449804067181(String)
2015-12-11 11:21:08,691 DEBUG [cn.mldn.vo.mapping.NewsNS.doCreate] - <==    Updates: 1
2015-12-11 11:21:09,879 DEBUG [cn.mldn.vo.mapping.NewsNS.doCreate] - ooo Using Connection [com.mysql.jdbc.Connection@483ead69]
2015-12-11 11:21:09,887 DEBUG [cn.mldn.vo.mapping.NewsNS.doCreate] - ==>  Preparing: INSERT INTO news(title,pub_date,content) VALUES (?,?,?) 
2015-12-11 11:21:09,918 DEBUG [cn.mldn.vo.mapping.NewsNS.doCreate] - ooo Using Connection [com.mysql.jdbc.Connection@483ead69]
2015-12-11 11:21:09,920 DEBUG [cn.mldn.vo.mapping.NewsNS.doCreate] - ==>  Preparing: INSERT INTO news(title,pub_date,content) VALUES (?,?,?) 
2015-12-11 11:21:10,005 DEBUG [cn.mldn.vo.mapping.NewsNS.doCreate] - ==> Parameters: 欢迎访问www.mldn.cn(String), 2015-12-11 11:21:09.009(Timestamp), 世界和平，大家快乐！ - 1449804069008(String)
2015-12-11 11:21:10,017 DEBUG [cn.mldn.vo.mapping.NewsNS.doCreate] - <==    Updates: 1
2015-12-11 11:21:10,014 DEBUG [cn.mldn.vo.mapping.NewsNS.doCreate] - ooo Using Connection [com.mysql.jdbc.Connection@483ead69]
2015-12-11 11:21:10,028 DEBUG [cn.mldn.vo.mapping.NewsNS.doCreate] - ==>  Preparing: INSERT INTO news(title,pub_date,content) VALUES (?,?,?) 
2015-12-11 11:21:10,031 DEBUG [cn.mldn.vo.mapping.NewsNS.doCreate] - ==> Parameters: 欢迎访问www.mldn.cn(String), 2015-12-11 11:21:09.014(Timestamp), 世界和平，大家快乐！ - 1449804069013(String)
2015-12-11 11:21:10,032 DEBUG [cn.mldn.vo.mapping.NewsNS.doCreate] - <==    Updates: 1
2015-12-11 11:21:10,109 DEBUG [cn.mldn.vo.mapping.NewsNS.doCreate] - ==> Parameters: 欢迎访问www.mldn.cn(String), 2015-12-11 11:21:09.004(Timestamp), 世界和平，大家快乐！ - 1449804069003(String)
2015-12-11 11:21:10,110 DEBUG [cn.mldn.vo.mapping.NewsNS.doCreate] - <==    Updates: 1
2015-12-11 11:24:44,321 DEBUG [cn.mldn.vo.mapping.NewsNS.doRemove] - ooo Using Connection [com.mysql.jdbc.Connection@19a663bb]
2015-12-11 11:24:44,322 DEBUG [cn.mldn.vo.mapping.NewsNS.doRemove] - ==>  Preparing: DELETE FROM news WHERE nid=? 
2015-12-11 11:24:44,382 DEBUG [cn.mldn.vo.mapping.NewsNS.doRemove] - ==> Parameters: 5(Integer)
2015-12-11 11:24:44,383 DEBUG [cn.mldn.vo.mapping.NewsNS.doRemove] - <==    Updates: 1
2015-12-11 11:26:59,149 DEBUG [cn.mldn.vo.mapping.NewsNS.doUpdate] - ooo Using Connection [com.mysql.jdbc.Connection@6ef3cd97]
2015-12-11 11:26:59,151 DEBUG [cn.mldn.vo.mapping.NewsNS.doUpdate] - ==>  Preparing: UPDATE news SET title=?,pub_date=?,content=? WHERE nid=? 
2015-12-11 11:26:59,216 DEBUG [cn.mldn.vo.mapping.NewsNS.doUpdate] - ==> Parameters: 周末愉快(String), 2015-12-11 11:26:58.475(Timestamp), 出来混总归是要还的，贪玩也总归是要还的。(String), 3(Integer)
2015-12-11 11:26:59,219 DEBUG [cn.mldn.vo.mapping.NewsNS.doUpdate] - <==    Updates: 1
2015-12-11 11:27:23,959 DEBUG [cn.mldn.vo.mapping.NewsNS.doUpdate] - ooo Using Connection [com.mysql.jdbc.Connection@18cf4c9c]
2015-12-11 11:27:23,961 DEBUG [cn.mldn.vo.mapping.NewsNS.doUpdate] - ==>  Preparing: UPDATE news SET title=?,pub_date=?,content=? WHERE nid=3 
2015-12-11 11:27:24,024 DEBUG [cn.mldn.vo.mapping.NewsNS.doUpdate] - ==> Parameters: 周末愉快(String), 2015-12-11 11:27:23.287(Timestamp), 出来混总归是要还的，贪玩也总归是要还的。(String)
2015-12-11 11:27:24,025 DEBUG [cn.mldn.vo.mapping.NewsNS.doUpdate] - <==    Updates: 1
2015-12-11 11:28:57,743 DEBUG [cn.mldn.vo.mapping.NewsNS.doRemoveByTitle] - ooo Using Connection [com.mysql.jdbc.Connection@71ac6d5]
2015-12-11 11:28:57,744 DEBUG [cn.mldn.vo.mapping.NewsNS.doRemoveByTitle] - ==>  Preparing: DELETE FROM news WHERE title=? 
2015-12-11 11:28:57,801 DEBUG [cn.mldn.vo.mapping.NewsNS.doRemoveByTitle] - ==> Parameters: 周末愉快(String)
2015-12-11 11:28:57,805 DEBUG [cn.mldn.vo.mapping.NewsNS.doRemoveByTitle] - <==    Updates: 2
2015-12-11 11:29:07,604 DEBUG [cn.mldn.vo.mapping.NewsNS.doRemoveByTitle] - ooo Using Connection [com.mysql.jdbc.Connection@69edfb80]
2015-12-11 11:29:07,605 DEBUG [cn.mldn.vo.mapping.NewsNS.doRemoveByTitle] - ==>  Preparing: DELETE FROM news WHERE title=? 
2015-12-11 11:29:07,661 DEBUG [cn.mldn.vo.mapping.NewsNS.doRemoveByTitle] - ==> Parameters: 周末愉快(String)
2015-12-11 11:29:07,662 DEBUG [cn.mldn.vo.mapping.NewsNS.doRemoveByTitle] - <==    Updates: 0
2015-12-11 11:36:15,811 DEBUG [cn.mldn.vo.mapping.NewsNS.findById] - ooo Using Connection [com.mysql.jdbc.Connection@3aa3a481]
2015-12-11 11:36:15,812 DEBUG [cn.mldn.vo.mapping.NewsNS.findById] - ==>  Preparing: SELECT nid,title,pub_date,content FROM news WHERE nid=? 
2015-12-11 11:36:15,870 DEBUG [cn.mldn.vo.mapping.NewsNS.findById] - ==> Parameters: 10(Integer)
2015-12-11 11:36:15,906 DEBUG [cn.mldn.vo.mapping.NewsNS.findById] - <==      Total: 0
2015-12-11 11:36:46,186 DEBUG [cn.mldn.vo.mapping.NewsNS.findById] - ooo Using Connection [com.mysql.jdbc.Connection@4d852f3a]
2015-12-11 11:36:46,187 DEBUG [cn.mldn.vo.mapping.NewsNS.findById] - ==>  Preparing: SELECT nid,title,pub_date,content FROM news WHERE nid=? 
2015-12-11 11:36:46,244 DEBUG [cn.mldn.vo.mapping.NewsNS.findById] - ==> Parameters: 25(Integer)
2015-12-11 11:36:46,281 TRACE [cn.mldn.vo.mapping.NewsNS.findById] - <==    Columns: nid, title, pub_date, content
2015-12-11 11:36:46,286 TRACE [cn.mldn.vo.mapping.NewsNS.findById] - <==        Row: 25, 欢迎访问www.mldn.cn, 2015-12-11, <<BLOB>>
2015-12-11 11:36:46,288 DEBUG [cn.mldn.vo.mapping.NewsNS.findById] - <==      Total: 1
2015-12-11 11:37:01,889 DEBUG [cn.mldn.vo.mapping.NewsNS.findById] - ooo Using Connection [com.mysql.jdbc.Connection@21a0769d]
2015-12-11 11:37:01,891 DEBUG [cn.mldn.vo.mapping.NewsNS.findById] - ==>  Preparing: SELECT nid,title,pub_date,content FROM news WHERE nid=? 
2015-12-11 11:37:01,947 DEBUG [cn.mldn.vo.mapping.NewsNS.findById] - ==> Parameters: 25(Integer)
2015-12-11 11:37:01,983 TRACE [cn.mldn.vo.mapping.NewsNS.findById] - <==    Columns: nid, title, pub_date, content
2015-12-11 11:37:01,989 TRACE [cn.mldn.vo.mapping.NewsNS.findById] - <==        Row: 25, 欢迎访问www.mldn.cn, 2015-12-11, <<BLOB>>
2015-12-11 11:37:01,991 DEBUG [cn.mldn.vo.mapping.NewsNS.findById] - <==      Total: 1
2015-12-11 11:38:49,315 DEBUG [cn.mldn.vo.mapping.NewsNS.findById] - ooo Using Connection [com.mysql.jdbc.Connection@4bc2fdde]
2015-12-11 11:38:49,317 DEBUG [cn.mldn.vo.mapping.NewsNS.findById] - ==>  Preparing: SELECT nid,title,pub_date AS pubdate,content FROM news WHERE nid=? 
2015-12-11 11:38:49,392 DEBUG [cn.mldn.vo.mapping.NewsNS.findById] - ==> Parameters: 25(Integer)
2015-12-11 11:38:49,430 TRACE [cn.mldn.vo.mapping.NewsNS.findById] - <==    Columns: nid, title, pubdate, content
2015-12-11 11:38:49,436 TRACE [cn.mldn.vo.mapping.NewsNS.findById] - <==        Row: 25, 欢迎访问www.mldn.cn, 2015-12-11, <<BLOB>>
2015-12-11 11:38:49,439 DEBUG [cn.mldn.vo.mapping.NewsNS.findById] - <==      Total: 1
2015-12-11 11:40:57,672 DEBUG [cn.mldn.vo.mapping.NewsNS.findById] - ooo Using Connection [com.mysql.jdbc.Connection@57b3af58]
2015-12-11 11:40:57,673 DEBUG [cn.mldn.vo.mapping.NewsNS.findById] - ==>  Preparing: SELECT nid,title,pub_date,content FROM news WHERE nid=? 
2015-12-11 11:40:57,729 DEBUG [cn.mldn.vo.mapping.NewsNS.findById] - ==> Parameters: 25(Integer)
2015-12-11 11:40:57,764 TRACE [cn.mldn.vo.mapping.NewsNS.findById] - <==    Columns: nid, title, pub_date, content
2015-12-11 11:40:57,770 TRACE [cn.mldn.vo.mapping.NewsNS.findById] - <==        Row: 25, 欢迎访问www.mldn.cn, 2015-12-11, <<BLOB>>
2015-12-11 11:40:57,772 DEBUG [cn.mldn.vo.mapping.NewsNS.findById] - <==      Total: 1
2015-12-11 11:44:06,358 DEBUG [cn.mldn.vo.mapping.NewsNS.findAll] - ooo Using Connection [com.mysql.jdbc.Connection@62dfb098]
2015-12-11 11:44:06,359 DEBUG [cn.mldn.vo.mapping.NewsNS.findAll] - ==>  Preparing: SELECT nid,title,pub_date,content FROM news 
2015-12-11 11:44:06,416 DEBUG [cn.mldn.vo.mapping.NewsNS.findAll] - ==> Parameters: 
2015-12-11 11:44:06,452 TRACE [cn.mldn.vo.mapping.NewsNS.findAll] - <==    Columns: nid, title, pub_date, content
2015-12-11 11:44:06,458 TRACE [cn.mldn.vo.mapping.NewsNS.findAll] - <==        Row: 4, 欢迎访问www.mldn.cn, 2015-12-11, <<BLOB>>
2015-12-11 11:44:06,482 TRACE [cn.mldn.vo.mapping.NewsNS.findAll] - <==        Row: 6, 欢迎访问www.mldn.cn, 2015-12-11, <<BLOB>>
2015-12-11 11:44:06,482 TRACE [cn.mldn.vo.mapping.NewsNS.findAll] - <==        Row: 7, 欢迎访问www.mldn.cn, 2015-12-11, <<BLOB>>
2015-12-11 11:44:06,483 TRACE [cn.mldn.vo.mapping.NewsNS.findAll] - <==        Row: 8, 欢迎访问www.mldn.cn, 2015-12-11, <<BLOB>>
2015-12-11 11:44:06,484 TRACE [cn.mldn.vo.mapping.NewsNS.findAll] - <==        Row: 23, 欢迎访问www.mldn.cn, 2015-12-11, <<BLOB>>
2015-12-11 11:44:06,485 TRACE [cn.mldn.vo.mapping.NewsNS.findAll] - <==        Row: 24, 欢迎访问www.mldn.cn, 2015-12-11, <<BLOB>>
2015-12-11 11:44:06,485 TRACE [cn.mldn.vo.mapping.NewsNS.findAll] - <==        Row: 25, 欢迎访问www.mldn.cn, 2015-12-11, <<BLOB>>
2015-12-11 11:44:06,485 TRACE [cn.mldn.vo.mapping.NewsNS.findAll] - <==        Row: 26, 欢迎访问www.mldn.cn, 2015-12-11, <<BLOB>>
2015-12-11 11:44:06,486 TRACE [cn.mldn.vo.mapping.NewsNS.findAll] - <==        Row: 27, 欢迎访问www.mldn.cn, 2015-12-11, <<BLOB>>
2015-12-11 11:44:06,487 TRACE [cn.mldn.vo.mapping.NewsNS.findAll] - <==        Row: 28, 欢迎访问www.mldn.cn, 2015-12-11, <<BLOB>>
2015-12-11 11:44:06,487 TRACE [cn.mldn.vo.mapping.NewsNS.findAll] - <==        Row: 29, 欢迎访问www.mldn.cn, 2015-12-11, <<BLOB>>
2015-12-11 11:44:06,487 TRACE [cn.mldn.vo.mapping.NewsNS.findAll] - <==        Row: 30, 欢迎访问www.mldn.cn, 2015-12-11, <<BLOB>>
2015-12-11 11:44:06,488 TRACE [cn.mldn.vo.mapping.NewsNS.findAll] - <==        Row: 31, 欢迎访问www.mldn.cn, 2015-12-11, <<BLOB>>
2015-12-11 11:44:06,488 TRACE [cn.mldn.vo.mapping.NewsNS.findAll] - <==        Row: 32, 欢迎访问www.mldn.cn, 2015-12-11, <<BLOB>>
2015-12-11 11:44:06,489 TRACE [cn.mldn.vo.mapping.NewsNS.findAll] - <==        Row: 33, 欢迎访问www.mldn.cn, 2015-12-11, <<BLOB>>
2015-12-11 11:44:06,490 TRACE [cn.mldn.vo.mapping.NewsNS.findAll] - <==        Row: 34, 欢迎访问www.mldn.cn, 2015-12-11, <<BLOB>>
2015-12-11 11:44:06,495 TRACE [cn.mldn.vo.mapping.NewsNS.findAll] - <==        Row: 35, 欢迎访问www.mldn.cn, 2015-12-11, <<BLOB>>
2015-12-11 11:44:06,495 TRACE [cn.mldn.vo.mapping.NewsNS.findAll] - <==        Row: 36, 欢迎访问www.mldn.cn, 2015-12-11, <<BLOB>>
2015-12-11 11:44:06,496 DEBUG [cn.mldn.vo.mapping.NewsNS.findAll] - <==      Total: 18
2015-12-11 11:51:31,478 DEBUG [cn.mldn.vo.mapping.NewsNS.getAllCount] - ooo Using Connection [com.mysql.jdbc.Connection@6a10f687]
2015-12-11 11:51:31,479 DEBUG [cn.mldn.vo.mapping.NewsNS.getAllCount] - ==>  Preparing: SELECT COUNT(*) FROM news WHERE title LIKE ? 
2015-12-11 11:51:31,568 DEBUG [cn.mldn.vo.mapping.NewsNS.getAllCount] - ==> Parameters: (String)
2015-12-11 11:51:31,608 TRACE [cn.mldn.vo.mapping.NewsNS.getAllCount] - <==    Columns: COUNT(*)
2015-12-11 11:51:31,608 TRACE [cn.mldn.vo.mapping.NewsNS.getAllCount] - <==        Row: 0
2015-12-11 11:51:31,608 DEBUG [cn.mldn.vo.mapping.NewsNS.getAllCount] - <==      Total: 1
2015-12-11 11:51:31,609 DEBUG [cn.mldn.vo.mapping.NewsNS.findAllSplit] - ooo Using Connection [com.mysql.jdbc.Connection@6a10f687]
2015-12-11 11:51:31,610 DEBUG [cn.mldn.vo.mapping.NewsNS.findAllSplit] - ==>  Preparing: SELECT nid,title,pub_date,content FROM news WHERE title LIKE ? LIMIT ? , ? 
2015-12-11 11:51:31,611 DEBUG [cn.mldn.vo.mapping.NewsNS.findAllSplit] - ==> Parameters: (String), 0(Integer), 5(Integer)
2015-12-11 11:51:31,612 DEBUG [cn.mldn.vo.mapping.NewsNS.findAllSplit] - <==      Total: 0
2015-12-11 11:52:05,898 DEBUG [cn.mldn.vo.mapping.NewsNS.getAllCount] - ooo Using Connection [com.mysql.jdbc.Connection@7fa94f77]
2015-12-11 11:52:05,899 DEBUG [cn.mldn.vo.mapping.NewsNS.getAllCount] - ==>  Preparing: SELECT COUNT(*) FROM news WHERE title LIKE ? 
2015-12-11 11:52:05,969 DEBUG [cn.mldn.vo.mapping.NewsNS.getAllCount] - ==> Parameters: %%(String)
2015-12-11 11:52:06,005 TRACE [cn.mldn.vo.mapping.NewsNS.getAllCount] - <==    Columns: COUNT(*)
2015-12-11 11:52:06,005 TRACE [cn.mldn.vo.mapping.NewsNS.getAllCount] - <==        Row: 18
2015-12-11 11:52:06,006 DEBUG [cn.mldn.vo.mapping.NewsNS.getAllCount] - <==      Total: 1
2015-12-11 11:52:06,007 DEBUG [cn.mldn.vo.mapping.NewsNS.findAllSplit] - ooo Using Connection [com.mysql.jdbc.Connection@7fa94f77]
2015-12-11 11:52:06,007 DEBUG [cn.mldn.vo.mapping.NewsNS.findAllSplit] - ==>  Preparing: SELECT nid,title,pub_date,content FROM news WHERE title LIKE ? LIMIT ? , ? 
2015-12-11 11:52:06,009 DEBUG [cn.mldn.vo.mapping.NewsNS.findAllSplit] - ==> Parameters: %%(String), 0(Integer), 5(Integer)
2015-12-11 11:52:06,011 TRACE [cn.mldn.vo.mapping.NewsNS.findAllSplit] - <==    Columns: nid, title, pub_date, content
2015-12-11 11:52:06,017 TRACE [cn.mldn.vo.mapping.NewsNS.findAllSplit] - <==        Row: 4, 欢迎访问www.mldn.cn, 2015-12-11, <<BLOB>>
2015-12-11 11:52:06,019 TRACE [cn.mldn.vo.mapping.NewsNS.findAllSplit] - <==        Row: 6, 欢迎访问www.mldn.cn, 2015-12-11, <<BLOB>>
2015-12-11 11:52:06,019 TRACE [cn.mldn.vo.mapping.NewsNS.findAllSplit] - <==        Row: 7, 欢迎访问www.mldn.cn, 2015-12-11, <<BLOB>>
2015-12-11 11:52:06,020 TRACE [cn.mldn.vo.mapping.NewsNS.findAllSplit] - <==        Row: 8, 欢迎访问www.mldn.cn, 2015-12-11, <<BLOB>>
2015-12-11 11:52:06,021 TRACE [cn.mldn.vo.mapping.NewsNS.findAllSplit] - <==        Row: 23, 欢迎访问www.mldn.cn, 2015-12-11, <<BLOB>>
2015-12-11 11:52:06,021 DEBUG [cn.mldn.vo.mapping.NewsNS.findAllSplit] - <==      Total: 5
2015-12-11 11:58:34,078 DEBUG [cn.mldn.vo.mapping.NewsNS.findById] - ooo Using Connection [com.mysql.jdbc.Connection@64fb408e]
2015-12-11 11:58:34,079 DEBUG [cn.mldn.vo.mapping.NewsNS.findById] - ==>  Preparing: SELECT nid,title,pub_date,content FROM news WHERE nid=? 
2015-12-11 11:58:34,136 DEBUG [cn.mldn.vo.mapping.NewsNS.findById] - ==> Parameters: 23(Integer)
2015-12-11 11:58:34,183 TRACE [cn.mldn.vo.mapping.NewsNS.findById] - <==    Columns: nid, title, pub_date, content
2015-12-11 11:58:34,189 TRACE [cn.mldn.vo.mapping.NewsNS.findById] - <==        Row: 23, 欢迎访问www.mldn.cn, 2015-12-11, <<BLOB>>
2015-12-11 11:58:34,190 DEBUG [cn.mldn.vo.mapping.NewsNS.findById] - <==      Total: 1
2015-12-11 12:00:38,782 DEBUG [cn.mldn.vo.mapping.NewsNS.findById] - ooo Using Connection [com.mysql.jdbc.Connection@64fb408e]
2015-12-11 12:00:38,783 DEBUG [cn.mldn.vo.mapping.NewsNS.findById] - ==>  Preparing: SELECT nid,title,pub_date,content FROM news WHERE nid=? 
2015-12-11 12:00:38,840 DEBUG [cn.mldn.vo.mapping.NewsNS.findById] - ==> Parameters: 23(Integer)
2015-12-11 12:00:38,888 TRACE [cn.mldn.vo.mapping.NewsNS.findById] - <==    Columns: nid, title, pub_date, content
2015-12-11 12:00:38,894 TRACE [cn.mldn.vo.mapping.NewsNS.findById] - <==        Row: 23, 欢迎访问www.mldn.cn, 2015-12-11, <<BLOB>>
2015-12-11 12:00:38,895 DEBUG [cn.mldn.vo.mapping.NewsNS.findById] - <==      Total: 1
2015-12-11 12:00:38,901 DEBUG [cn.mldn.vo.mapping.NewsNS.findById] - ooo Using Connection [com.mysql.jdbc.Connection@64fb408e]
2015-12-11 12:00:38,901 DEBUG [cn.mldn.vo.mapping.NewsNS.findById] - ==>  Preparing: SELECT nid,title,pub_date,content FROM news WHERE nid=? 
2015-12-11 12:00:38,902 DEBUG [cn.mldn.vo.mapping.NewsNS.findById] - ==> Parameters: 24(Integer)
2015-12-11 12:00:38,903 TRACE [cn.mldn.vo.mapping.NewsNS.findById] - <==    Columns: nid, title, pub_date, content
2015-12-11 12:00:38,903 TRACE [cn.mldn.vo.mapping.NewsNS.findById] - <==        Row: 24, 欢迎访问www.mldn.cn, 2015-12-11, <<BLOB>>
2015-12-11 12:00:38,904 DEBUG [cn.mldn.vo.mapping.NewsNS.findById] - <==      Total: 1
2015-12-11 12:02:20,863 DEBUG [cn.mldn.vo.mapping.NewsNS.findById] - ooo Using Connection [com.mysql.jdbc.Connection@55bce763]
2015-12-11 12:02:20,864 DEBUG [cn.mldn.vo.mapping.NewsNS.findById] - ==>  Preparing: SELECT nid,title,pub_date,content FROM news WHERE nid=? 
2015-12-11 12:02:20,921 DEBUG [cn.mldn.vo.mapping.NewsNS.findById] - ==> Parameters: 23(Integer)
2015-12-11 12:02:20,968 TRACE [cn.mldn.vo.mapping.NewsNS.findById] - <==    Columns: nid, title, pub_date, content
2015-12-11 12:02:20,974 TRACE [cn.mldn.vo.mapping.NewsNS.findById] - <==        Row: 23, 欢迎访问www.mldn.cn, 2015-12-11, <<BLOB>>
2015-12-11 12:02:20,975 DEBUG [cn.mldn.vo.mapping.NewsNS.findById] - <==      Total: 1
2015-12-11 12:02:20,981 DEBUG [cn.mldn.vo.mapping.NewsNS.findById] - ooo Using Connection [com.mysql.jdbc.Connection@55bce763]
2015-12-11 12:02:20,981 DEBUG [cn.mldn.vo.mapping.NewsNS.findById] - ==>  Preparing: SELECT nid,title,pub_date,content FROM news WHERE nid=? 
2015-12-11 12:02:20,982 DEBUG [cn.mldn.vo.mapping.NewsNS.findById] - ==> Parameters: 23(Integer)
2015-12-11 12:02:20,983 TRACE [cn.mldn.vo.mapping.NewsNS.findById] - <==    Columns: nid, title, pub_date, content
2015-12-11 12:02:20,983 TRACE [cn.mldn.vo.mapping.NewsNS.findById] - <==        Row: 23, 欢迎访问www.mldn.cn, 2015-12-11, <<BLOB>>
2015-12-11 12:02:20,983 DEBUG [cn.mldn.vo.mapping.NewsNS.findById] - <==      Total: 1
2015-12-11 12:04:05,220 DEBUG [cn.mldn.vo.mapping.NewsNS.findById] - ooo Using Connection [com.mysql.jdbc.Connection@64fb408e]
2015-12-11 12:04:05,221 DEBUG [cn.mldn.vo.mapping.NewsNS.findById] - ==>  Preparing: SELECT nid,title,pub_date,content FROM news WHERE nid=? 
2015-12-11 12:04:05,282 DEBUG [cn.mldn.vo.mapping.NewsNS.findById] - ==> Parameters: 23(Integer)
2015-12-11 12:04:05,336 TRACE [cn.mldn.vo.mapping.NewsNS.findById] - <==    Columns: nid, title, pub_date, content
2015-12-11 12:04:05,343 TRACE [cn.mldn.vo.mapping.NewsNS.findById] - <==        Row: 23, 欢迎访问www.mldn.cn, 2015-12-11, <<BLOB>>
2015-12-11 12:04:05,344 DEBUG [cn.mldn.vo.mapping.NewsNS.findById] - <==      Total: 1
2015-12-11 12:04:05,350 DEBUG [cn.mldn.vo.mapping.NewsNS.findById] - ooo Using Connection [com.mysql.jdbc.Connection@64fb408e]
2015-12-11 12:04:05,350 DEBUG [cn.mldn.vo.mapping.NewsNS.findById] - ==>  Preparing: SELECT nid,title,pub_date,content FROM news WHERE nid=? 
2015-12-11 12:04:05,351 DEBUG [cn.mldn.vo.mapping.NewsNS.findById] - ==> Parameters: 23(Integer)
2015-12-11 12:04:05,352 TRACE [cn.mldn.vo.mapping.NewsNS.findById] - <==    Columns: nid, title, pub_date, content
2015-12-11 12:04:05,352 TRACE [cn.mldn.vo.mapping.NewsNS.findById] - <==        Row: 23, 欢迎访问www.mldn.cn, 2015-12-11, <<BLOB>>
2015-12-11 12:04:05,353 DEBUG [cn.mldn.vo.mapping.NewsNS.findById] - <==      Total: 1
2015-12-11 12:07:41,154 DEBUG [cn.mldn.vo.mapping.NewsNS.findById] - ooo Using Connection [com.mysql.jdbc.Connection@1a28785c]
2015-12-11 12:07:41,156 DEBUG [cn.mldn.vo.mapping.NewsNS.findById] - ==>  Preparing: SELECT nid,title,pub_date,content FROM news WHERE nid=? 
2015-12-11 12:07:41,213 DEBUG [cn.mldn.vo.mapping.NewsNS.findById] - ==> Parameters: 23(Integer)
2015-12-11 12:07:41,275 TRACE [cn.mldn.vo.mapping.NewsNS.findById] - <==    Columns: nid, title, pub_date, content
2015-12-11 12:07:41,282 TRACE [cn.mldn.vo.mapping.NewsNS.findById] - <==        Row: 23, 欢迎访问www.mldn.cn, 2015-12-11, <<BLOB>>
2015-12-11 12:07:41,283 DEBUG [cn.mldn.vo.mapping.NewsNS.findById] - <==      Total: 1
2015-12-11 12:07:41,302 DEBUG [cn.mldn.vo.mapping.NewsNS.findById] - ooo Using Connection [com.mysql.jdbc.Connection@21c9c4e2]
2015-12-11 12:07:41,303 DEBUG [cn.mldn.vo.mapping.NewsNS.findById] - ==>  Preparing: SELECT nid,title,pub_date,content FROM news WHERE nid=? 
2015-12-11 12:07:41,304 DEBUG [cn.mldn.vo.mapping.NewsNS.findById] - ==> Parameters: 23(Integer)
2015-12-11 12:07:41,304 TRACE [cn.mldn.vo.mapping.NewsNS.findById] - <==    Columns: nid, title, pub_date, content
2015-12-11 12:07:41,305 TRACE [cn.mldn.vo.mapping.NewsNS.findById] - <==        Row: 23, 欢迎访问www.mldn.cn, 2015-12-11, <<BLOB>>
2015-12-11 12:07:41,305 DEBUG [cn.mldn.vo.mapping.NewsNS.findById] - <==      Total: 1
2015-12-11 12:12:22,908 DEBUG [cn.mldn.vo.mapping.NewsNS.findById] - ooo Using Connection [com.mysql.jdbc.Connection@31a9c687]
2015-12-11 12:12:22,909 DEBUG [cn.mldn.vo.mapping.NewsNS.findById] - ==>  Preparing: SELECT nid,title,pub_date,content FROM news WHERE nid=? 
2015-12-11 12:12:22,971 DEBUG [cn.mldn.vo.mapping.NewsNS.findById] - ==> Parameters: 23(Integer)
2015-12-11 12:12:23,018 TRACE [cn.mldn.vo.mapping.NewsNS.findById] - <==    Columns: nid, title, pub_date, content
2015-12-11 12:12:23,025 TRACE [cn.mldn.vo.mapping.NewsNS.findById] - <==        Row: 23, 欢迎访问www.mldn.cn, 2015-12-11, <<BLOB>>
2015-12-11 12:12:23,026 DEBUG [cn.mldn.vo.mapping.NewsNS.findById] - <==      Total: 1
2015-12-11 12:12:23,046 DEBUG [cn.mldn.vo.mapping.NewsNS.findById] - ooo Using Connection [com.mysql.jdbc.Connection@591913b3]
2015-12-11 12:12:23,046 DEBUG [cn.mldn.vo.mapping.NewsNS.findById] - ==>  Preparing: SELECT nid,title,pub_date,content FROM news WHERE nid=? 
2015-12-11 12:12:23,047 DEBUG [cn.mldn.vo.mapping.NewsNS.findById] - ==> Parameters: 23(Integer)
2015-12-11 12:12:23,048 TRACE [cn.mldn.vo.mapping.NewsNS.findById] - <==    Columns: nid, title, pub_date, content
2015-12-11 12:12:23,048 TRACE [cn.mldn.vo.mapping.NewsNS.findById] - <==        Row: 23, 欢迎访问www.mldn.cn, 2015-12-11, <<BLOB>>
2015-12-11 12:12:23,049 DEBUG [cn.mldn.vo.mapping.NewsNS.findById] - <==      Total: 1
2015-12-11 12:13:57,298 DEBUG [cn.mldn.vo.mapping.NewsNS.findById] - ooo Using Connection [com.mysql.jdbc.Connection@1b86d76f]
2015-12-11 12:13:57,299 DEBUG [cn.mldn.vo.mapping.NewsNS.findById] - ==>  Preparing: SELECT nid,title,pub_date,content FROM news WHERE nid=? 
2015-12-11 12:13:57,357 DEBUG [cn.mldn.vo.mapping.NewsNS.findById] - ==> Parameters: 23(Integer)
2015-12-11 12:13:57,409 TRACE [cn.mldn.vo.mapping.NewsNS.findById] - <==    Columns: nid, title, pub_date, content
2015-12-11 12:13:57,416 TRACE [cn.mldn.vo.mapping.NewsNS.findById] - <==        Row: 23, 欢迎访问www.mldn.cn, 2015-12-11, <<BLOB>>
2015-12-11 12:13:57,417 DEBUG [cn.mldn.vo.mapping.NewsNS.findById] - <==      Total: 1
2015-12-11 12:14:26,564 DEBUG [cn.mldn.vo.mapping.NewsNS.findById] - ooo Using Connection [com.mysql.jdbc.Connection@1b86d76f]
2015-12-11 12:14:26,566 DEBUG [cn.mldn.vo.mapping.NewsNS.findById] - ==>  Preparing: SELECT nid,title,pub_date,content FROM news WHERE nid=? 
2015-12-11 12:14:26,624 DEBUG [cn.mldn.vo.mapping.NewsNS.findById] - ==> Parameters: 23(Integer)
2015-12-11 12:14:26,672 TRACE [cn.mldn.vo.mapping.NewsNS.findById] - <==    Columns: nid, title, pub_date, content
2015-12-11 12:14:26,680 TRACE [cn.mldn.vo.mapping.NewsNS.findById] - <==        Row: 23, 欢迎访问www.mldn.cn, 2015-12-11, <<BLOB>>
2015-12-11 12:14:26,681 DEBUG [cn.mldn.vo.mapping.NewsNS.findById] - <==      Total: 1
2015-12-11 12:16:52,457 DEBUG [cn.mldn.vo.mapping.NewsNS.findById] - ooo Using Connection [com.mysql.jdbc.Connection@3e103ad6]
2015-12-11 12:16:52,458 DEBUG [cn.mldn.vo.mapping.NewsNS.findById] - ==>  Preparing: SELECT nid,title,pub_date,content FROM news WHERE nid=? 
2015-12-11 12:16:52,515 DEBUG [cn.mldn.vo.mapping.NewsNS.findById] - ==> Parameters: 23(Integer)
2015-12-11 12:16:52,562 TRACE [cn.mldn.vo.mapping.NewsNS.findById] - <==    Columns: nid, title, pub_date, content
2015-12-11 12:16:52,569 TRACE [cn.mldn.vo.mapping.NewsNS.findById] - <==        Row: 23, 欢迎访问www.mldn.cn, 2015-12-11, <<BLOB>>
2015-12-11 12:16:52,570 DEBUG [cn.mldn.vo.mapping.NewsNS.findById] - <==      Total: 1
2015-12-11 12:16:52,576 DEBUG [cn.mldn.vo.mapping.NewsNS.findById] - ooo Using Connection [com.mysql.jdbc.Connection@3e103ad6]
2015-12-11 12:16:52,577 DEBUG [cn.mldn.vo.mapping.NewsNS.findById] - ==>  Preparing: SELECT nid,title,pub_date,content FROM news WHERE nid=? 
2015-12-11 12:16:52,577 DEBUG [cn.mldn.vo.mapping.NewsNS.findById] - ==> Parameters: 23(Integer)
2015-12-11 12:16:52,578 TRACE [cn.mldn.vo.mapping.NewsNS.findById] - <==    Columns: nid, title, pub_date, content
2015-12-11 12:16:52,578 TRACE [cn.mldn.vo.mapping.NewsNS.findById] - <==        Row: 23, 欢迎访问www.mldn.cn, 2015-12-11, <<BLOB>>
2015-12-11 12:16:52,579 DEBUG [cn.mldn.vo.mapping.NewsNS.findById] - <==      Total: 1
